Using pre-set license
Built from '2020.3/release' branch; Version is '2020.3.2f1 (8fd9074bf66c) revision 9427207'; Using compiler version '192528614'; Build Type 'Release'
OS: 'Windows 10 Pro; OS build 19042.1415; Version 2009; 64bit' Language: 'ko' Physical Memory: 32680 MB
BatchMode: 1, IsHumanControllingUs: 0, StartBugReporterOnCrash: 0, Is64bit: 1, IsPro: 0

 COMMAND LINE ARGUMENTS:
C:\Program Files\Unity\Hub\Editor\2020.3.2f1\Editor\Unity.exe
-adb2
-batchMode
-noUpm
-name
AssetImportWorker0
-projectPath
D:/JaesunHan/Github/RoomEscape_Movie/RoomEscape_Movie
-logFile
Logs/AssetImportWorker0.log
-srvPort
63202
Successfully changed project path to: D:/JaesunHan/Github/RoomEscape_Movie/RoomEscape_Movie
D:/JaesunHan/Github/RoomEscape_Movie/RoomEscape_Movie
Using Asset Import Pipeline V2.
Refreshing native plugins compatible for Editor in 74.46 ms, found 0 plugins.
Preloading 0 native plugins for Editor in 0.00 ms.
Initialize engine version: 2020.3.2f1 (8fd9074bf66c)
[Subsystems] Discovering subsystems at path C:/Program Files/Unity/Hub/Editor/2020.3.2f1/Editor/Data/Resources/UnitySubsystems
[Subsystems] Discovering subsystems at path D:/JaesunHan/Github/RoomEscape_Movie/RoomEscape_Movie/Assets
GfxDevice: creating device client; threaded=0
Direct3D:
    Version:  Direct3D 11.0 [level 11.1]
    Renderer: NVIDIA GeForce RTX 2060 SUPER (ID=0x1f06)
    Vendor:   
    VRAM:     8031 MB
    Driver:   27.21.14.5671
Shader 'Light/RGB': fallback shader 'Lightbeam/Lightbeam' not found
Initialize mono
Mono path[0] = 'C:/Program Files/Unity/Hub/Editor/2020.3.2f1/Editor/Data/Managed'
Mono path[1] = 'C:/Program Files/Unity/Hub/Editor/2020.3.2f1/Editor/Data/MonoBleedingEdge/lib/mono/unityjit'
Mono config path = 'C:/Program Files/Unity/Hub/Editor/2020.3.2f1/Editor/Data/MonoBleedingEdge/etc'
Using monoOptions --debugger-agent=transport=dt_socket,embedding=1,server=y,suspend=n,address=127.0.0.1:56600
Begin MonoManager ReloadAssembly
Registering precompiled unity dll's ...
Register platform support module: C:/Program Files/Unity/Hub/Editor/2020.3.2f1/Editor/Data/PlaybackEngines/WindowsStandaloneSupport/UnityEditor.WindowsStandalone.Extensions.dll
Registered in 0.093109 seconds.
Native extension for WindowsStandalone target not found
Refreshing native plugins compatible for Editor in 28.20 ms, found 0 plugins.
Preloading 0 native plugins for Editor in 0.00 ms.
Invoked RoslynAnalysisRunner static constructor.
RoslynAnalysisRunner will not be running.
RoslynAnalysisRunner has terminated.
Mono: successfully reloaded assembly
- Completed reload, in  3.964 seconds
Platform modules already initialized, skipping
Registering precompiled user dll's ...
Registered in 0.336747 seconds.
Begin MonoManager ReloadAssembly
Native extension for WindowsStandalone target not found
Refreshing native plugins compatible for Editor in 0.38 ms, found 0 plugins.
Preloading 0 native plugins for Editor in 0.00 ms.
Invoked RoslynAnalysisRunner static constructor.
RoslynAnalysisRunner will not be running.
RoslynAnalysisRunner has terminated.
Mono: successfully reloaded assembly
- Completed reload, in  1.998 seconds
Platform modules already initialized, skipping
========================================================================
Worker process is ready to serve import requests
Shader 'Light/RGB': fallback shader 'Lightbeam/Lightbeam' not found
Launched and connected shader compiler UnityShaderCompiler.exe after 0.05 seconds
Refreshing native plugins compatible for Editor in 0.38 ms, found 0 plugins.
Preloading 0 native plugins for Editor in 0.00 ms.
Unloading 1548 Unused Serialized files (Serialized files now loaded: 0)
System memory in use before: 88.3 MB.
System memory in use after: 88.4 MB.

Unloading 26 unused Assets to reduce memory usage. Loaded Objects now: 1987.
Total: 1.636400 ms (FindLiveObjects: 0.216700 ms CreateObjectMapping: 0.069200 ms MarkObjects: 1.264000 ms  DeleteObjects: 0.085600 ms)

========================================================================
Received Import Request.
  path: Assets/00.AssetBundlePath/Animation/Refrigerator/Idle.anim
  artifactKey: Guid(a3d03f9cd4b697a4aaa9d4800d88ec73) Importer(815301076,1909f56bfc062723c751e8b465ee728b)
Start importing Assets/00.AssetBundlePath/Animation/Refrigerator/Idle.anim using Guid(a3d03f9cd4b697a4aaa9d4800d88ec73) Importer(815301076,1909f56bfc062723c751e8b465ee728b)  -> (artifact id: 'cec6c68303339d31bab49bd6c65f17f5') in 0.034458 seconds
  Import took 0.036665 seconds .

========================================================================
Received Import Request.
  Time since last request: 0.000270 seconds.
  path: Assets/SCP/SCP_096/SCP-096/Model/SCP-096.fbx
  artifactKey: Guid(c43aa56958fb2a14da7876272d14efcd) Importer(815301076,1909f56bfc062723c751e8b465ee728b)
Start importing Assets/SCP/SCP_096/SCP-096/Model/SCP-096.fbx using Guid(c43aa56958fb2a14da7876272d14efcd) Importer(815301076,1909f56bfc062723c751e8b465ee728b)  -> (artifact id: 'bc423144feb921827d85d44529d9e83f') in 0.174751 seconds
  Import took 0.177938 seconds .

========================================================================
Received Import Request.
  Time since last request: 0.000233 seconds.
  path: Assets/00.AssetBundlePath/Animation/Orc Idle.fbx
  artifactKey: Guid(674df5d61f3808b4b9b01b0ebfb0c803) Importer(815301076,1909f56bfc062723c751e8b465ee728b)
Start importing Assets/00.AssetBundlePath/Animation/Orc Idle.fbx using Guid(674df5d61f3808b4b9b01b0ebfb0c803) Importer(815301076,1909f56bfc062723c751e8b465ee728b)  -> (artifact id: '80631bb850abc11567a871954d9da4a0') in 0.070055 seconds
  Import took 0.072599 seconds .

========================================================================
Received Import Request.
  Time since last request: 401.086273 seconds.
  path: Assets/Timeline
  artifactKey: Guid(1f10ff7de3f2c034494a8ee5c11fa4cf) Importer(815301076,1909f56bfc062723c751e8b465ee728b)
Start importing Assets/Timeline using Guid(1f10ff7de3f2c034494a8ee5c11fa4cf) Importer(815301076,1909f56bfc062723c751e8b465ee728b)  -> (artifact id: '7513b1984495fad5fb5c2da67f6cd62a') in 0.004897 seconds
  Import took 0.007718 seconds .

========================================================================
Received Import Request.
  Time since last request: 0.073063 seconds.
  path: Assets/Timeline/TimeLine.playable
  artifactKey: Guid(6c4f9622a1afe3141a240fb0e857a3e3) Importer(815301076,1909f56bfc062723c751e8b465ee728b)
Start importing Assets/Timeline/TimeLine.playable using Guid(6c4f9622a1afe3141a240fb0e857a3e3) Importer(815301076,1909f56bfc062723c751e8b465ee728b)  -> (artifact id: '0a5f7e762752f83fdd92fcd16d1b93cc') in 0.008391 seconds
  Import took 0.010702 seconds .

========================================================================
Received Import Request.
  Time since last request: 0.060871 seconds.
  path: Assets/Timeline/Timeline1212.playable
  artifactKey: Guid(b3c615db619245b4f993b4c59d78f504) Importer(815301076,1909f56bfc062723c751e8b465ee728b)
Start importing Assets/Timeline/Timeline1212.playable using Guid(b3c615db619245b4f993b4c59d78f504) Importer(815301076,1909f56bfc062723c751e8b465ee728b)  -> (artifact id: 'e5d69575fc7c52a339d01b2e6b881b10') in 0.051384 seconds
  Import took 0.053993 seconds .

========================================================================
Received Import Request.
  Time since last request: 51.084471 seconds.
  path: Assets/Timeline/TImeLine_Escape.playable
  artifactKey: Guid(f5a0d7aca762e174c9fd8ff31c519867) Importer(815301076,1909f56bfc062723c751e8b465ee728b)
Start importing Assets/Timeline/TImeLine_Escape.playable using Guid(f5a0d7aca762e174c9fd8ff31c519867) Importer(815301076,1909f56bfc062723c751e8b465ee728b)  -> (artifact id: '7e36922af68a5d75dde5880e5d43ca31') in 0.005508 seconds
  Import took 0.008439 seconds .

========================================================================
Received Import Request.
  Time since last request: 35.266394 seconds.
  path: Assets/00.AssetBundlePath/Animation/Struck In Head.fbx
  artifactKey: Guid(21c598b066796f94a9c161572233747f) Importer(815301076,1909f56bfc062723c751e8b465ee728b)
Start importing Assets/00.AssetBundlePath/Animation/Struck In Head.fbx using Guid(21c598b066796f94a9c161572233747f) Importer(815301076,1909f56bfc062723c751e8b465ee728b)  -> (artifact id: '2987668985eaa2f2b4a5ad6e605e9ca3') in 0.086950 seconds
  Import took 0.089847 seconds .

========================================================================
Received Import Request.
  Time since last request: 0.000231 seconds.
  path: Assets/Scientist/Prefabs/Scientist.prefab
  artifactKey: Guid(0006d3d9bdd49b74fb1042c7a7210716) Importer(815301076,1909f56bfc062723c751e8b465ee728b)
Start importing Assets/Scientist/Prefabs/Scientist.prefab using Guid(0006d3d9bdd49b74fb1042c7a7210716) Importer(815301076,1909f56bfc062723c751e8b465ee728b)  -> (artifact id: 'c1d4947c0f46bdefa4b0a17a8948222c') in 0.010018 seconds
  Import took 0.012778 seconds .

========================================================================
Received Import Request.
  Time since last request: 0.000272 seconds.
  path: Assets/00.AssetBundlePath/Animation/Stand Up.fbx
  artifactKey: Guid(7ce74b32abe21ff49b8c45c8b0c1486b) Importer(815301076,1909f56bfc062723c751e8b465ee728b)
Start importing Assets/00.AssetBundlePath/Animation/Stand Up.fbx using Guid(7ce74b32abe21ff49b8c45c8b0c1486b) Importer(815301076,1909f56bfc062723c751e8b465ee728b)  -> (artifact id: '4362f2a01196d39ffb01345adaddc648') in 0.084080 seconds
  Import took 0.086773 seconds .

========================================================================
Received Import Request.
  Time since last request: 0.000166 seconds.
  path: Assets/00.AssetBundlePath/Animation/Sleeping.fbx
  artifactKey: Guid(886352dceb7173d41a7ad7a950ecfced) Importer(815301076,1909f56bfc062723c751e8b465ee728b)
Start importing Assets/00.AssetBundlePath/Animation/Sleeping.fbx using Guid(886352dceb7173d41a7ad7a950ecfced) Importer(815301076,1909f56bfc062723c751e8b465ee728b)  -> (artifact id: '4968f3931a6ed64e95cad0202c07131b') in 0.053606 seconds
  Import took 0.055993 seconds .

========================================================================
Received Import Request.
  Time since last request: 0.000292 seconds.
  path: Assets/Scientist/Models/Materials/Scientist_M_Scientist_SmallParts_AlbedoTransparency.mat
  artifactKey: Guid(1762150389af91d4ea173fd4f15a13b5) Importer(815301076,1909f56bfc062723c751e8b465ee728b)
Start importing Assets/Scientist/Models/Materials/Scientist_M_Scientist_SmallParts_AlbedoTransparency.mat using Guid(1762150389af91d4ea173fd4f15a13b5) Importer(815301076,1909f56bfc062723c751e8b465ee728b)  -> (artifact id: '702a8268dea17b486e3c33ced8324975') in 0.015293 seconds
  Import took 0.017511 seconds .

========================================================================
Received Import Request.
  Time since last request: 0.000168 seconds.
  path: Assets/Scientist/Textures/Version_01/Scientist_Overall_Normal.png
  artifactKey: Guid(c2cc4f6bac2504541806ff7381aebfba) Importer(815301076,1909f56bfc062723c751e8b465ee728b)
Start importing Assets/Scientist/Textures/Version_01/Scientist_Overall_Normal.png using Guid(c2cc4f6bac2504541806ff7381aebfba) Importer(815301076,1909f56bfc062723c751e8b465ee728b)  -> (artifact id: 'bbc6842a97a686972b15d85ab21cd3e3') in 0.042596 seconds
  Import took 0.046359 seconds .

========================================================================
Received Import Request.
  Time since last request: 0.000192 seconds.
  path: Assets/Scientist/Textures/Version_01/Scientist_Overall_SpecularSmoothness.png
  artifactKey: Guid(745fec637bf84fb489cf1a23f58a2b8a) Importer(815301076,1909f56bfc062723c751e8b465ee728b)
Start importing Assets/Scientist/Textures/Version_01/Scientist_Overall_SpecularSmoothness.png using Guid(745fec637bf84fb489cf1a23f58a2b8a) Importer(815301076,1909f56bfc062723c751e8b465ee728b)  -> (artifact id: '98f0f980eec1400ea02bafcf3690a1eb') in 0.030592 seconds
  Import took 0.034009 seconds .

========================================================================
Received Import Request.
  Time since last request: 0.000174 seconds.
  path: Assets/Scientist/Models/Materials/Scientist_M_ScientistOverall_AlbedoTransparency.mat
  artifactKey: Guid(a5b9d47ebe356f84faa560110e614376) Importer(815301076,1909f56bfc062723c751e8b465ee728b)
Start importing Assets/Scientist/Models/Materials/Scientist_M_ScientistOverall_AlbedoTransparency.mat using Guid(a5b9d47ebe356f84faa560110e614376) Importer(815301076,1909f56bfc062723c751e8b465ee728b)  -> (artifact id: 'fce3d8ec05881e53f3a2616a6a7a520f') in 0.012003 seconds
  Import took 0.014287 seconds .

========================================================================
Received Import Request.
  Time since last request: 0.000176 seconds.
  path: Assets/00.AssetBundlePath/Animation/ScientistModel 1@Laying Sleeping.fbx
  artifactKey: Guid(caeeb6955721fb24fb3cd40e8aded269) Importer(815301076,1909f56bfc062723c751e8b465ee728b)
Start importing Assets/00.AssetBundlePath/Animation/ScientistModel 1@Laying Sleeping.fbx using Guid(caeeb6955721fb24fb3cd40e8aded269) Importer(815301076,1909f56bfc062723c751e8b465ee728b)  -> (artifact id: '40097895757edc951ceb26a769988dc3') in 0.074792 seconds
  Import took 0.077778 seconds .

========================================================================
Received Import Request.
  Time since last request: 38.355742 seconds.
  path: Assets/00.AssetBundlePath/Animation/PW_Step_2_Drawer/Idle_PW_Step_2_Drawer.anim
  artifactKey: Guid(5081d968e0999b342b75fec5b08f5a3b) Importer(815301076,1909f56bfc062723c751e8b465ee728b)
Start importing Assets/00.AssetBundlePath/Animation/PW_Step_2_Drawer/Idle_PW_Step_2_Drawer.anim using Guid(5081d968e0999b342b75fec5b08f5a3b) Importer(815301076,1909f56bfc062723c751e8b465ee728b)  -> (artifact id: '3be532816f0525111a5db642f9fc723f') in 0.009036 seconds
  Import took 0.011639 seconds .

========================================================================
Received Import Request.
  Time since last request: 1.716176 seconds.
  path: Assets/00.AssetBundlePath/Animation/HandLight/Idle_HandLight.anim
  artifactKey: Guid(9d02162fa09ea554b97be4c207f9a994) Importer(815301076,1909f56bfc062723c751e8b465ee728b)
Start importing Assets/00.AssetBundlePath/Animation/HandLight/Idle_HandLight.anim using Guid(9d02162fa09ea554b97be4c207f9a994) Importer(815301076,1909f56bfc062723c751e8b465ee728b)  -> (artifact id: '447868c54165ddee6489b67ffa55cc75') in 0.005265 seconds
  Import took 0.007981 seconds .

========================================================================
Received Import Request.
  Time since last request: 2.018464 seconds.
  path: Assets/00.AssetBundlePath/Animation/WordLock_Step_2/WordLock_Step2_Idle.anim
  artifactKey: Guid(63eff138ae0608b459db0f0b98817b76) Importer(815301076,1909f56bfc062723c751e8b465ee728b)
Start importing Assets/00.AssetBundlePath/Animation/WordLock_Step_2/WordLock_Step2_Idle.anim using Guid(63eff138ae0608b459db0f0b98817b76) Importer(815301076,1909f56bfc062723c751e8b465ee728b)  -> (artifact id: 'c9c8aadb435e75d32c83603026f6e625') in 0.009030 seconds
  Import took 0.011652 seconds .

========================================================================
Received Import Request.
  Time since last request: 498.444875 seconds.
  path: Assets/00.AssetBundlePath/Animation/Scientist_Walk.anim
  artifactKey: Guid(f5bec8d92b34b8f4fa287458082974d0) Importer(815301076,1909f56bfc062723c751e8b465ee728b)
Start importing Assets/00.AssetBundlePath/Animation/Scientist_Walk.anim using Guid(f5bec8d92b34b8f4fa287458082974d0) Importer(815301076,1909f56bfc062723c751e8b465ee728b)  -> (artifact id: 'a085586dcf6493d33ab9067d643df69d') in 0.022942 seconds
  Import took 0.025842 seconds .

========================================================================
Received Import Request.
  Time since last request: 181.359893 seconds.
  path: Assets/Timeline/TImeLine_Escape.playable
  artifactKey: Guid(f5a0d7aca762e174c9fd8ff31c519867) Importer(815301076,1909f56bfc062723c751e8b465ee728b)
Start importing Assets/Timeline/TImeLine_Escape.playable using Guid(f5a0d7aca762e174c9fd8ff31c519867) Importer(815301076,1909f56bfc062723c751e8b465ee728b)  -> (artifact id: '8179dede71721698e334d7b6f772ecd5') in 0.020213 seconds
  Import took 0.023358 seconds .

========================================================================
Received Import Request.
  Time since last request: 4.808531 seconds.
  path: Assets/00.AssetBundlePath/Animation
  artifactKey: Guid(0fcaecd924daf9b4cb3c954b225e13c1) Importer(815301076,1909f56bfc062723c751e8b465ee728b)
Start importing Assets/00.AssetBundlePath/Animation using Guid(0fcaecd924daf9b4cb3c954b225e13c1) Importer(815301076,1909f56bfc062723c751e8b465ee728b)  -> (artifact id: '66f551e509ae41e9920f478faf0f3b71') in 0.005762 seconds
  Import took 0.008333 seconds .

========================================================================
Received Import Request.
  Time since last request: 11.135376 seconds.
  path: Assets/00.AssetBundlePath/Animation/TimeLine_Asset
  artifactKey: Guid(e28dd1b245741c644b9af621f49dc019) Importer(815301076,1909f56bfc062723c751e8b465ee728b)
Start importing Assets/00.AssetBundlePath/Animation/TimeLine_Asset using Guid(e28dd1b245741c644b9af621f49dc019) Importer(815301076,1909f56bfc062723c751e8b465ee728b)  -> (artifact id: '0ab94d233254be2564d169a14e1a8dd3') in 0.004749 seconds
  Import took 0.007585 seconds .

========================================================================
Received Import Request.
  Time since last request: 4.305342 seconds.
  path: Assets/00.AssetBundlePath/Animation/TimeLine_Asset/ScientistModel 1@Standard Walk.fbx
  artifactKey: Guid(dceb2b97b5d572249a71efc8e05f099a) Importer(815301076,1909f56bfc062723c751e8b465ee728b)
Start importing Assets/00.AssetBundlePath/Animation/TimeLine_Asset/ScientistModel 1@Standard Walk.fbx using Guid(dceb2b97b5d572249a71efc8e05f099a) Importer(815301076,1909f56bfc062723c751e8b465ee728b)  -> (artifact id: 'f8a9ea3d8e0477f5624a6a7a3172e00f') in 0.079815 seconds
  Import took 0.082791 seconds .

========================================================================
Received Import Request.
  Time since last request: 3.644665 seconds.
  path: Assets/00.AssetBundlePath/Animation/TimeLine_Asset/Animation
  artifactKey: Guid(e2795e5c42988e141bd7edf789e1b72f) Importer(815301076,1909f56bfc062723c751e8b465ee728b)
Start importing Assets/00.AssetBundlePath/Animation/TimeLine_Asset/Animation using Guid(e2795e5c42988e141bd7edf789e1b72f) Importer(815301076,1909f56bfc062723c751e8b465ee728b)  -> (artifact id: '17147622995ab103fc1ad541ec5d9dbe') in 0.001781 seconds
  Import took 0.004181 seconds .

========================================================================
Received Import Request.
  Time since last request: 16.801338 seconds.
  path: Assets/00.AssetBundlePath/Animation/TimeLine_Asset/Animation/ScientistModel 1@Standard Walk.fbx
  artifactKey: Guid(dceb2b97b5d572249a71efc8e05f099a) Importer(815301076,1909f56bfc062723c751e8b465ee728b)
Start importing Assets/00.AssetBundlePath/Animation/TimeLine_Asset/Animation/ScientistModel 1@Standard Walk.fbx using Guid(dceb2b97b5d572249a71efc8e05f099a) Importer(815301076,1909f56bfc062723c751e8b465ee728b)  -> (artifact id: 'f4d11710a84ab67d6c51445f5972a650') in 0.168656 seconds
  Import took 0.171391 seconds .

========================================================================
Received Import Request.
  Time since last request: 7.687378 seconds.
  path: Assets/00.AssetBundlePath/Animation/TimeLine_Asset/Animation/ScientistModel 1@Standard Walk.fbx
  artifactKey: Guid(dceb2b97b5d572249a71efc8e05f099a) Importer(815301076,1909f56bfc062723c751e8b465ee728b)
Start importing Assets/00.AssetBundlePath/Animation/TimeLine_Asset/Animation/ScientistModel 1@Standard Walk.fbx using Guid(dceb2b97b5d572249a71efc8e05f099a) Importer(815301076,1909f56bfc062723c751e8b465ee728b)  -> (artifact id: '901e41d592098786312f1d26342d4e51') in 0.135521 seconds
  Import took 0.138460 seconds .

========================================================================
Received Import Request.
  Time since last request: 38.726045 seconds.
  path: Assets/00.AssetBundlePath/Animation/TimeLine_Asset/Animation/ScientistModel 1@Standard Walk.fbx
  artifactKey: Guid(dceb2b97b5d572249a71efc8e05f099a) Importer(815301076,1909f56bfc062723c751e8b465ee728b)
Start importing Assets/00.AssetBundlePath/Animation/TimeLine_Asset/Animation/ScientistModel 1@Standard Walk.fbx using Guid(dceb2b97b5d572249a71efc8e05f099a) Importer(815301076,1909f56bfc062723c751e8b465ee728b)  -> (artifact id: 'ec7ed06f28622726b2f46aea9f10606e') in 0.081140 seconds
  Import took 0.084067 seconds .

========================================================================
Received Import Request.
  Time since last request: 109.196353 seconds.
  path: Assets/00.AssetBundlePath/Animation/TimeLine_Asset/Animation/ScientistModel 1@Standard Walk.fbx
  artifactKey: Guid(dceb2b97b5d572249a71efc8e05f099a) Importer(815301076,1909f56bfc062723c751e8b465ee728b)
Start importing Assets/00.AssetBundlePath/Animation/TimeLine_Asset/Animation/ScientistModel 1@Standard Walk.fbx using Guid(dceb2b97b5d572249a71efc8e05f099a) Importer(815301076,1909f56bfc062723c751e8b465ee728b)  -> (artifact id: 'bcb6e26e7d85bd4643df9d4d563e88c5') in 0.089486 seconds
  Import took 0.092800 seconds .

========================================================================
Received Import Request.
  Time since last request: 36.287988 seconds.
  path: Assets/00.AssetBundlePath/Animation/TimeLine_Asset/Animation/ScientistModel 1@Standard Walk.fbx
  artifactKey: Guid(dceb2b97b5d572249a71efc8e05f099a) Importer(815301076,1909f56bfc062723c751e8b465ee728b)
Start importing Assets/00.AssetBundlePath/Animation/TimeLine_Asset/Animation/ScientistModel 1@Standard Walk.fbx using Guid(dceb2b97b5d572249a71efc8e05f099a) Importer(815301076,1909f56bfc062723c751e8b465ee728b)  -> (artifact id: '6e7cc3928b52d5c90fa2917dec110892') in 0.087035 seconds
  Import took 0.090754 seconds .

========================================================================
Received Import Request.
  Time since last request: 0.001042 seconds.
  path: Assets/00.AssetBundlePath/Animation/TimeLine_Asset/Animation/ScientistModel 1@Standard Walk.fbx
  artifactKey: Guid(dceb2b97b5d572249a71efc8e05f099a) Importer(815301076,1909f56bfc062723c751e8b465ee728b)
Start importing Assets/00.AssetBundlePath/Animation/TimeLine_Asset/Animation/ScientistModel 1@Standard Walk.fbx using Guid(dceb2b97b5d572249a71efc8e05f099a) Importer(815301076,1909f56bfc062723c751e8b465ee728b)  -> (artifact id: '6e7cc3928b52d5c90fa2917dec110892') in 0.087732 seconds
  Import took 0.091380 seconds .

========================================================================
Received Prepare
Registering precompiled user dll's ...
Registered in 0.005265 seconds.
Begin MonoManager ReloadAssembly
Native extension for WindowsStandalone target not found
Refreshing native plugins compatible for Editor in 0.38 ms, found 0 plugins.
Preloading 0 native plugins for Editor in 0.00 ms.
Invoked RoslynAnalysisRunner static constructor.
RoslynAnalysisRunner will not be running.
RoslynAnalysisRunner has terminated.
Mono: successfully reloaded assembly
- Completed reload, in  0.700 seconds
Platform modules already initialized, skipping
Shader 'Light/RGB': fallback shader 'Lightbeam/Lightbeam' not found
Refreshing native plugins compatible for Editor in 0.40 ms, found 0 plugins.
Preloading 0 native plugins for Editor in 0.00 ms.
Unloading 1478 Unused Serialized files (Serialized files now loaded: 0)
System memory in use before: 99.3 MB.
System memory in use after: 99.4 MB.

Unloading 21 unused Assets to reduce memory usage. Loaded Objects now: 2037.
Total: 1.444700 ms (FindLiveObjects: 0.217700 ms CreateObjectMapping: 0.048700 ms MarkObjects: 1.119000 ms  DeleteObjects: 0.058700 ms)

========================================================================
Received Import Request.
  Time since last request: 2044.862637 seconds.
  path: Assets/00.AssetBundlePath/Animation/TimeLine_Asset/Animation/ScientistModel 1@Reacting.fbx
  artifactKey: Guid(4bd9dc7df30b8c64f994851e015e23aa) Importer(815301076,1909f56bfc062723c751e8b465ee728b)
Start importing Assets/00.AssetBundlePath/Animation/TimeLine_Asset/Animation/ScientistModel 1@Reacting.fbx using Guid(4bd9dc7df30b8c64f994851e015e23aa) Importer(815301076,1909f56bfc062723c751e8b465ee728b)  -> (artifact id: 'fc595f25c63018d753dd2e8e9f1cdb90') in 0.147919 seconds
  Import took 0.151188 seconds .

========================================================================
Received Import Request.
  Time since last request: 5.583078 seconds.
  path: Assets/00.AssetBundlePath/Animation/TimeLine_Asset/Animation/ScientistModel 1@Reacting.fbx
  artifactKey: Guid(4bd9dc7df30b8c64f994851e015e23aa) Importer(815301076,1909f56bfc062723c751e8b465ee728b)
Start importing Assets/00.AssetBundlePath/Animation/TimeLine_Asset/Animation/ScientistModel 1@Reacting.fbx using Guid(4bd9dc7df30b8c64f994851e015e23aa) Importer(815301076,1909f56bfc062723c751e8b465ee728b)  -> (artifact id: '6b9dd2bca3b3cd547c5803df2f6e543c') in 0.171720 seconds
  Import took 0.174735 seconds .

========================================================================
Received Import Request.
  Time since last request: 50.197194 seconds.
  path: Assets/00.AssetBundlePath/Animation/TimeLine_Asset/Animation/ScientistModel 1@Reacting.fbx
  artifactKey: Guid(4bd9dc7df30b8c64f994851e015e23aa) Importer(815301076,1909f56bfc062723c751e8b465ee728b)
Start importing Assets/00.AssetBundlePath/Animation/TimeLine_Asset/Animation/ScientistModel 1@Reacting.fbx using Guid(4bd9dc7df30b8c64f994851e015e23aa) Importer(815301076,1909f56bfc062723c751e8b465ee728b)  -> (artifact id: '419f3760a522854c63dc99a0ab4ac460') in 0.075134 seconds
  Import took 0.078127 seconds .

========================================================================
Received Import Request.
  Time since last request: 179.284897 seconds.
  path: Assets/00.AssetBundlePath/Animation/TimeLine_Asset/Animation/ScientistModel 1@Reacting.fbx
  artifactKey: Guid(4bd9dc7df30b8c64f994851e015e23aa) Importer(815301076,1909f56bfc062723c751e8b465ee728b)
Start importing Assets/00.AssetBundlePath/Animation/TimeLine_Asset/Animation/ScientistModel 1@Reacting.fbx using Guid(4bd9dc7df30b8c64f994851e015e23aa) Importer(815301076,1909f56bfc062723c751e8b465ee728b)  -> (artifact id: '8bff53fcd3dc67e2d2829c9bc8a1f07e') in 0.072814 seconds
  Import took 0.076085 seconds .

========================================================================
Received Prepare
Registering precompiled user dll's ...
Registered in 0.005641 seconds.
Begin MonoManager ReloadAssembly
Native extension for WindowsStandalone target not found
Refreshing native plugins compatible for Editor in 0.42 ms, found 0 plugins.
Preloading 0 native plugins for Editor in 0.00 ms.
Invoked RoslynAnalysisRunner static constructor.
RoslynAnalysisRunner will not be running.
RoslynAnalysisRunner has terminated.
Mono: successfully reloaded assembly
- Completed reload, in  0.752 seconds
Platform modules already initialized, skipping
Shader 'Light/RGB': fallback shader 'Lightbeam/Lightbeam' not found
Refreshing native plugins compatible for Editor in 0.40 ms, found 0 plugins.
Preloading 0 native plugins for Editor in 0.00 ms.
Unloading 1478 Unused Serialized files (Serialized files now loaded: 0)
System memory in use before: 99.4 MB.
System memory in use after: 99.4 MB.

Unloading 21 unused Assets to reduce memory usage. Loaded Objects now: 2041.
Total: 1.695900 ms (FindLiveObjects: 0.235800 ms CreateObjectMapping: 0.069600 ms MarkObjects: 1.314700 ms  DeleteObjects: 0.074800 ms)

========================================================================
Received Import Request.
  Time since last request: 1214.686455 seconds.
  path: Assets/TimeLine_Asset/Animation/ScientistModel 1@Reacting.fbx
  artifactKey: Guid(4bd9dc7df30b8c64f994851e015e23aa) Importer(815301076,1909f56bfc062723c751e8b465ee728b)
Start importing Assets/TimeLine_Asset/Animation/ScientistModel 1@Reacting.fbx using Guid(4bd9dc7df30b8c64f994851e015e23aa) Importer(815301076,1909f56bfc062723c751e8b465ee728b)  -> (artifact id: '517695f8667374207628eb93dd8b2d7e') in 0.147213 seconds
  Import took 0.151042 seconds .

========================================================================
Received Prepare
Registering precompiled user dll's ...
Registered in 0.005279 seconds.
Begin MonoManager ReloadAssembly
Native extension for WindowsStandalone target not found
Refreshing native plugins compatible for Editor in 0.39 ms, found 0 plugins.
Preloading 0 native plugins for Editor in 0.00 ms.
Invoked RoslynAnalysisRunner static constructor.
RoslynAnalysisRunner will not be running.
RoslynAnalysisRunner has terminated.
Mono: successfully reloaded assembly
- Completed reload, in  0.694 seconds
Platform modules already initialized, skipping
Shader 'Light/RGB': fallback shader 'Lightbeam/Lightbeam' not found
Refreshing native plugins compatible for Editor in 0.38 ms, found 0 plugins.
Preloading 0 native plugins for Editor in 0.00 ms.
Unloading 1478 Unused Serialized files (Serialized files now loaded: 0)
System memory in use before: 99.6 MB.
System memory in use after: 99.7 MB.

Unloading 21 unused Assets to reduce memory usage. Loaded Objects now: 2045.
Total: 1.439700 ms (FindLiveObjects: 0.164600 ms CreateObjectMapping: 0.052600 ms MarkObjects: 1.160800 ms  DeleteObjects: 0.060800 ms)

========================================================================
Received Prepare
Registering precompiled user dll's ...
Registered in 0.005195 seconds.
Begin MonoManager ReloadAssembly
Native extension for WindowsStandalone target not found
Refreshing native plugins compatible for Editor in 0.38 ms, found 0 plugins.
Preloading 0 native plugins for Editor in 0.00 ms.
Invoked RoslynAnalysisRunner static constructor.
RoslynAnalysisRunner will not be running.
RoslynAnalysisRunner has terminated.
Mono: successfully reloaded assembly
- Completed reload, in  0.690 seconds
Platform modules already initialized, skipping
Shader 'Light/RGB': fallback shader 'Lightbeam/Lightbeam' not found
Refreshing native plugins compatible for Editor in 0.40 ms, found 0 plugins.
Preloading 0 native plugins for Editor in 0.00 ms.
Unloading 1478 Unused Serialized files (Serialized files now loaded: 0)
System memory in use before: 99.6 MB.
System memory in use after: 99.7 MB.

Unloading 21 unused Assets to reduce memory usage. Loaded Objects now: 2048.
Total: 1.826100 ms (FindLiveObjects: 0.254300 ms CreateObjectMapping: 0.088100 ms MarkObjects: 1.417100 ms  DeleteObjects: 0.065700 ms)

========================================================================
Received Prepare
Registering precompiled user dll's ...
Registered in 0.005264 seconds.
Begin MonoManager ReloadAssembly
Native extension for WindowsStandalone target not found
Refreshing native plugins compatible for Editor in 0.38 ms, found 0 plugins.
Preloading 0 native plugins for Editor in 0.00 ms.
Invoked RoslynAnalysisRunner static constructor.
RoslynAnalysisRunner will not be running.
RoslynAnalysisRunner has terminated.
Mono: successfully reloaded assembly
- Completed reload, in  0.675 seconds
Platform modules already initialized, skipping
Shader 'Light/RGB': fallback shader 'Lightbeam/Lightbeam' not found
Refreshing native plugins compatible for Editor in 0.38 ms, found 0 plugins.
Preloading 0 native plugins for Editor in 0.00 ms.
Unloading 1478 Unused Serialized files (Serialized files now loaded: 0)
System memory in use before: 99.6 MB.
System memory in use after: 99.7 MB.

Unloading 21 unused Assets to reduce memory usage. Loaded Objects now: 2051.
Total: 1.747300 ms (FindLiveObjects: 0.151500 ms CreateObjectMapping: 0.065100 ms MarkObjects: 1.426800 ms  DeleteObjects: 0.103300 ms)

========================================================================
Received Import Request.
  Time since last request: 9892.381046 seconds.
  path: Assets/TimeLine_Asset/Animation/ScientistModel.controller
  artifactKey: Guid(ae41519e1dcecff419889245af1c4c18) Importer(815301076,1909f56bfc062723c751e8b465ee728b)
Start importing Assets/TimeLine_Asset/Animation/ScientistModel.controller using Guid(ae41519e1dcecff419889245af1c4c18) Importer(815301076,1909f56bfc062723c751e8b465ee728b)  -> (artifact id: '0ff310d0ea140d8384e517d33ea812fb') in 0.030384 seconds
  Import took 0.033281 seconds .

========================================================================
Received Import Request.
  Time since last request: 6.422334 seconds.
  path: Assets/TimeLine_Asset/Animation/PlayerAnim.anim
  artifactKey: Guid(2a33cf510923bcd46a7f1f889bcf47d0) Importer(815301076,1909f56bfc062723c751e8b465ee728b)
Start importing Assets/TimeLine_Asset/Animation/PlayerAnim.anim using Guid(2a33cf510923bcd46a7f1f889bcf47d0) Importer(815301076,1909f56bfc062723c751e8b465ee728b)  -> (artifact id: 'af4215ff79ca299687c8cd7014fb0f1d') in 0.006420 seconds
  Import took 0.008741 seconds .

========================================================================
Received Import Request.
  Time since last request: 0.000503 seconds.
  path: Assets/TimeLine_Asset/Animation/PlayerAnim.anim
  artifactKey: Guid(2a33cf510923bcd46a7f1f889bcf47d0) Importer(815301076,1909f56bfc062723c751e8b465ee728b)
Start importing Assets/TimeLine_Asset/Animation/PlayerAnim.anim using Guid(2a33cf510923bcd46a7f1f889bcf47d0) Importer(815301076,1909f56bfc062723c751e8b465ee728b)  -> (artifact id: 'af4215ff79ca299687c8cd7014fb0f1d') in 0.002108 seconds
  Import took 0.004370 seconds .

========================================================================
Received Import Request.
  Time since last request: 96.850802 seconds.
  path: Assets/TimeLine_Asset/Sound
  artifactKey: Guid(736cc2101f6cda04b9334d27c8e97041) Importer(815301076,1909f56bfc062723c751e8b465ee728b)
Start importing Assets/TimeLine_Asset/Sound using Guid(736cc2101f6cda04b9334d27c8e97041) Importer(815301076,1909f56bfc062723c751e8b465ee728b)  -> (artifact id: 'e9507057b5838e51bf8810d492bdddd3') in 0.004909 seconds
  Import took 0.007319 seconds .

========================================================================
Received Import Request.
  Time since last request: 17.114859 seconds.
  path: Assets/TimeLine_Asset/Sound/Footstep01.wav
  artifactKey: Guid(061c0dccef3ac36469226a4591aa95ea) Importer(815301076,1909f56bfc062723c751e8b465ee728b)
Start importing Assets/TimeLine_Asset/Sound/Footstep01.wav using Guid(061c0dccef3ac36469226a4591aa95ea) Importer(815301076,1909f56bfc062723c751e8b465ee728b)  -> (artifact id: '57bda031b0b683328a45bdad5d872816') in 0.063502 seconds
  Import took 0.066040 seconds .

========================================================================
Received Import Request.
  Time since last request: 388.722843 seconds.
  path: Assets/Escape(Game Kit)/Models/stairs/stairs.FBX
  artifactKey: Guid(6381ae4acd234414b9f7cf0cbcce0e75) Importer(815301076,1909f56bfc062723c751e8b465ee728b)
Start importing Assets/Escape(Game Kit)/Models/stairs/stairs.FBX using Guid(6381ae4acd234414b9f7cf0cbcce0e75) Importer(815301076,1909f56bfc062723c751e8b465ee728b)  -> (artifact id: '16f3d1cea8cf6e907090a05fa778945a') in 0.061360 seconds
  Import took 0.064126 seconds .

========================================================================
Received Import Request.
  Time since last request: 0.000261 seconds.
  path: Assets/00.AssetBundlePath/texture/stairs_d.tga
  artifactKey: Guid(0030939355787b44aac29298d92a23b8) Importer(815301076,1909f56bfc062723c751e8b465ee728b)
Start importing Assets/00.AssetBundlePath/texture/stairs_d.tga using Guid(0030939355787b44aac29298d92a23b8) Importer(815301076,1909f56bfc062723c751e8b465ee728b)  -> (artifact id: '6a70a002de728b5540b9f358037219bd') in 0.019962 seconds
  Import took 0.022223 seconds .

========================================================================
Received Import Request.
  Time since last request: 0.000233 seconds.
  path: Assets/00.AssetBundlePath/texture/stairs_s.tga
  artifactKey: Guid(70bd4f9723c6a3d409ed68abcc4daa33) Importer(815301076,1909f56bfc062723c751e8b465ee728b)
Start importing Assets/00.AssetBundlePath/texture/stairs_s.tga using Guid(70bd4f9723c6a3d409ed68abcc4daa33) Importer(815301076,1909f56bfc062723c751e8b465ee728b)  -> (artifact id: '60846372b51dc934f9df2f9aba1a3a86') in 0.052422 seconds
  Import took 0.055025 seconds .

========================================================================
Received Import Request.
  Time since last request: 0.000274 seconds.
  path: Assets/00.AssetBundlePath/texture/stairs_n.tga
  artifactKey: Guid(b1a4675841b831a4ead8f6ab1d32bc75) Importer(815301076,1909f56bfc062723c751e8b465ee728b)
Start importing Assets/00.AssetBundlePath/texture/stairs_n.tga using Guid(b1a4675841b831a4ead8f6ab1d32bc75) Importer(815301076,1909f56bfc062723c751e8b465ee728b)  -> (artifact id: '39049d44dacc4a73701733db91ca02c2') in 0.015192 seconds
  Import took 0.017450 seconds .

========================================================================
Received Import Request.
  Time since last request: 0.000180 seconds.
  path: Assets/00.AssetBundlePath/Prefabs/UI/Canvas/UI_Canvas_StarterAssetsInputs_Joysticks.prefab
  artifactKey: Guid(2f7f3dde7ae722a4aafffe20691ad702) Importer(815301076,1909f56bfc062723c751e8b465ee728b)
Start importing Assets/00.AssetBundlePath/Prefabs/UI/Canvas/UI_Canvas_StarterAssetsInputs_Joysticks.prefab using Guid(2f7f3dde7ae722a4aafffe20691ad702) Importer(815301076,1909f56bfc062723c751e8b465ee728b)  -> (artifact id: '43c6b9e6697e5a39b6ea2369a049c361') in 0.008959 seconds
  Import took 0.011269 seconds .

========================================================================
Received Import Request.
  Time since last request: 0.000184 seconds.
  path: Assets/Escape(Game Kit)/Models/stairs/Materials/stairs_d.mat
  artifactKey: Guid(1a105ab9f1674144a9c6649b1c9692c8) Importer(815301076,1909f56bfc062723c751e8b465ee728b)
Start importing Assets/Escape(Game Kit)/Models/stairs/Materials/stairs_d.mat using Guid(1a105ab9f1674144a9c6649b1c9692c8) Importer(815301076,1909f56bfc062723c751e8b465ee728b)  -> (artifact id: '721fafbf41f0ded050d5f9b5f0551854') in 0.030398 seconds
  Import took 0.033390 seconds .

========================================================================
Received Import Request.
  Time since last request: 0.004547 seconds.
  path: Assets/Escape(Game Kit)/Models/stairs/Materials/stairs_d.mat
  artifactKey: Guid(1a105ab9f1674144a9c6649b1c9692c8) Importer(815301076,1909f56bfc062723c751e8b465ee728b)
Start importing Assets/Escape(Game Kit)/Models/stairs/Materials/stairs_d.mat using Guid(1a105ab9f1674144a9c6649b1c9692c8) Importer(815301076,1909f56bfc062723c751e8b465ee728b)  -> (artifact id: '721fafbf41f0ded050d5f9b5f0551854') in 0.015907 seconds
  Import took 0.018902 seconds .

========================================================================
Received Import Request.
  Time since last request: 23.769497 seconds.
  path: Assets/TimeLine_Asset/Animation/ScientistModel 1@Standard Walk.fbx
  artifactKey: Guid(dceb2b97b5d572249a71efc8e05f099a) Importer(815301076,1909f56bfc062723c751e8b465ee728b)
Start importing Assets/TimeLine_Asset/Animation/ScientistModel 1@Standard Walk.fbx using Guid(dceb2b97b5d572249a71efc8e05f099a) Importer(815301076,1909f56bfc062723c751e8b465ee728b)  -> (artifact id: '4d6d73efecd2b2a0a604b0d315c53409') in 0.116169 seconds
  Import took 0.118969 seconds .

========================================================================
Received Import Request.
  Time since last request: 14.287273 seconds.
  path: Assets/TimeLine_Asset/Animation/ScientistModel 1@Standard Walk.fbx
  artifactKey: Guid(dceb2b97b5d572249a71efc8e05f099a) Importer(815301076,1909f56bfc062723c751e8b465ee728b)
Start importing Assets/TimeLine_Asset/Animation/ScientistModel 1@Standard Walk.fbx using Guid(dceb2b97b5d572249a71efc8e05f099a) Importer(815301076,1909f56bfc062723c751e8b465ee728b)  -> (artifact id: '78c0bec3884243cef04d23e13ffd7ada') in 0.127501 seconds
  Import took 0.130604 seconds .

========================================================================
Received Import Request.
  Time since last request: 628.916521 seconds.
  path: Assets/Timeline/TImeLine_Escape.playable
  artifactKey: Guid(f5a0d7aca762e174c9fd8ff31c519867) Importer(815301076,1909f56bfc062723c751e8b465ee728b)
Start importing Assets/Timeline/TImeLine_Escape.playable using Guid(f5a0d7aca762e174c9fd8ff31c519867) Importer(815301076,1909f56bfc062723c751e8b465ee728b)  -> (artifact id: '9e9199f08910743ff36c2474f7754c68') in 0.019674 seconds
  Import took 0.022809 seconds .

========================================================================
Received Import Request.
  Time since last request: 1.846122 seconds.
  path: Assets/00.AssetBundlePath/Sounds/BGM/512471__michael-grinnell__electric-zap.wav
  artifactKey: Guid(ee0050d72b7974a43a5e27c2c09138ec) Importer(815301076,1909f56bfc062723c751e8b465ee728b)
Start importing Assets/00.AssetBundlePath/Sounds/BGM/512471__michael-grinnell__electric-zap.wav using Guid(ee0050d72b7974a43a5e27c2c09138ec) Importer(815301076,1909f56bfc062723c751e8b465ee728b)  -> (artifact id: 'a65bf8bfdfb80906b3c9a85f08ea8384') in 0.017038 seconds
  Import took 0.019441 seconds .

========================================================================
Received Import Request.
  Time since last request: 0.000228 seconds.
  path: Assets/00.AssetBundlePath/Sounds/BGM/Rain.mp3
  artifactKey: Guid(181a7e8c2da4f1e4b860523f46cf5349) Importer(815301076,1909f56bfc062723c751e8b465ee728b)
Start importing Assets/00.AssetBundlePath/Sounds/BGM/Rain.mp3 using Guid(181a7e8c2da4f1e4b860523f46cf5349) Importer(815301076,1909f56bfc062723c751e8b465ee728b)  -> (artifact id: 'ae7346f7a54443f851b38bde3863eb87') in 0.012884 seconds
  Import took 0.015096 seconds .

========================================================================
Received Import Request.
  Time since last request: 0.000252 seconds.
  path: Assets/00.AssetBundlePath/Sounds/Effect/Event Sound.mp3
  artifactKey: Guid(acfed1a49e3bf4b48b505008030cd8ba) Importer(815301076,1909f56bfc062723c751e8b465ee728b)
Start importing Assets/00.AssetBundlePath/Sounds/Effect/Event Sound.mp3 using Guid(acfed1a49e3bf4b48b505008030cd8ba) Importer(815301076,1909f56bfc062723c751e8b465ee728b)  -> (artifact id: '2e47b470b0d8ce177da2e5f407594df7') in 0.010999 seconds
  Import took 0.013398 seconds .

========================================================================
Received Import Request.
  Time since last request: 0.000229 seconds.
  path: Assets/Escape(Game Kit)/Sounds/Glass brake.mp3
  artifactKey: Guid(34e1509d6ccec5441932f327b9b33ed7) Importer(815301076,1909f56bfc062723c751e8b465ee728b)
Start importing Assets/Escape(Game Kit)/Sounds/Glass brake.mp3 using Guid(34e1509d6ccec5441932f327b9b33ed7) Importer(815301076,1909f56bfc062723c751e8b465ee728b)  -> (artifact id: '1fadf80d0510b824dc3d5517a2630825') in 0.043501 seconds
  Import took 0.046276 seconds .

========================================================================
Received Import Request.
  Time since last request: 0.000197 seconds.
  path: Assets/Escape(Game Kit)/Sounds/Ambience.mp3
  artifactKey: Guid(65f2f4e463bfc7247b2be957aa70b0d8) Importer(815301076,1909f56bfc062723c751e8b465ee728b)
Start importing Assets/Escape(Game Kit)/Sounds/Ambience.mp3 using Guid(65f2f4e463bfc7247b2be957aa70b0d8) Importer(815301076,1909f56bfc062723c751e8b465ee728b)  -> (artifact id: '060fc50aa65b0f9d2d736cf5051a52e4') in 0.009561 seconds
  Import took 0.011948 seconds .

========================================================================
Received Import Request.
  Time since last request: 0.000297 seconds.
  path: Assets/Escape(Game Kit)/Sounds/thunder.mp3
  artifactKey: Guid(fd60a250a317abb4fbe06d6a47ec7809) Importer(815301076,1909f56bfc062723c751e8b465ee728b)
Start importing Assets/Escape(Game Kit)/Sounds/thunder.mp3 using Guid(fd60a250a317abb4fbe06d6a47ec7809) Importer(815301076,1909f56bfc062723c751e8b465ee728b)  -> (artifact id: 'aebd3fd95a5a4b4bdf2db7073c0702d7') in 0.011766 seconds
  Import took 0.014285 seconds .

========================================================================
Received Import Request.
  Time since last request: 0.000192 seconds.
  path: Assets/Escape(Game Kit)/Sounds/Someone running.mp3
  artifactKey: Guid(ddeda8b350e318b40b76cff26693cdb6) Importer(815301076,1909f56bfc062723c751e8b465ee728b)
Start importing Assets/Escape(Game Kit)/Sounds/Someone running.mp3 using Guid(ddeda8b350e318b40b76cff26693cdb6) Importer(815301076,1909f56bfc062723c751e8b465ee728b)  -> (artifact id: 'f013de489772d06a0dee7c9a25bebe22') in 0.020864 seconds
  Import took 0.023249 seconds .

========================================================================
Received Import Request.
  Time since last request: 0.000287 seconds.
  path: Assets/Escape(Game Kit)/Sounds/Something falls.mp3
  artifactKey: Guid(9fb1d1a23e033c14f95ead547aa8b958) Importer(815301076,1909f56bfc062723c751e8b465ee728b)
Start importing Assets/Escape(Game Kit)/Sounds/Something falls.mp3 using Guid(9fb1d1a23e033c14f95ead547aa8b958) Importer(815301076,1909f56bfc062723c751e8b465ee728b)  -> (artifact id: '5751835d0e2067b0d16291c480469b28') in 0.011983 seconds
  Import took 0.014178 seconds .

========================================================================
Received Import Request.
  Time since last request: 465.623860 seconds.
  path: Assets/Models/Desk Table/Desk Table Black.prefab
  artifactKey: Guid(15797c01325b44348aca17fabfad1493) Importer(815301076,1909f56bfc062723c751e8b465ee728b)
Start importing Assets/Models/Desk Table/Desk Table Black.prefab using Guid(15797c01325b44348aca17fabfad1493) Importer(815301076,1909f56bfc062723c751e8b465ee728b)  -> (artifact id: '40ff43ebc1870c1899915487eaf9a5c9') in 0.267867 seconds
  Import took 0.272707 seconds .

========================================================================
Received Import Request.
  Time since last request: 0.000232 seconds.
  path: Assets/Common_Rat/Mesh/SK_Rat.FBX
  artifactKey: Guid(9dc81f876c9802049bef678f7c30bebf) Importer(815301076,1909f56bfc062723c751e8b465ee728b)
Start importing Assets/Common_Rat/Mesh/SK_Rat.FBX using Guid(9dc81f876c9802049bef678f7c30bebf) Importer(815301076,1909f56bfc062723c751e8b465ee728b)  -> (artifact id: 'decd830ea0ab540081c08dd216d90ae1') in 0.030263 seconds
  Import took 0.032860 seconds .

========================================================================
Received Import Request.
  Time since last request: 0.000230 seconds.
  path: Assets/Common_Rat/Prefabs/Rat_Skin_1_black.prefab
  artifactKey: Guid(5fcee8a7eb95efe499f3a285a76b0221) Importer(815301076,1909f56bfc062723c751e8b465ee728b)
Start importing Assets/Common_Rat/Prefabs/Rat_Skin_1_black.prefab using Guid(5fcee8a7eb95efe499f3a285a76b0221) Importer(815301076,1909f56bfc062723c751e8b465ee728b)  -> (artifact id: 'b910cf55cf91222cfca1cee10beb34cd') in 0.052645 seconds
  Import took 0.056076 seconds .

========================================================================
Received Import Request.
  Time since last request: 0.000247 seconds.
  path: Assets/Models/Desk Table/Models/desk_table.fbx
  artifactKey: Guid(bb9f06027b946df4ba22d3898b071d1d) Importer(815301076,1909f56bfc062723c751e8b465ee728b)
Start importing Assets/Models/Desk Table/Models/desk_table.fbx using Guid(bb9f06027b946df4ba22d3898b071d1d) Importer(815301076,1909f56bfc062723c751e8b465ee728b)  -> (artifact id: '01768d0423dd95104cb6a45c9f321c25') in 0.038173 seconds
  Import took 0.041115 seconds .

========================================================================
Received Import Request.
  Time since last request: 0.000175 seconds.
  path: Assets/DeskMiniPack/Mesh/Desk_QUR.FBX
  artifactKey: Guid(3ae818015ebce01439e5bf85ded87efa) Importer(815301076,1909f56bfc062723c751e8b465ee728b)
Start importing Assets/DeskMiniPack/Mesh/Desk_QUR.FBX using Guid(3ae818015ebce01439e5bf85ded87efa) Importer(815301076,1909f56bfc062723c751e8b465ee728b)  -> (artifact id: 'aef4fd4a847a7d92a5641c553a4bea51') in 0.108665 seconds
  Import took 0.110978 seconds .

========================================================================
Received Import Request.
  Time since last request: 0.000293 seconds.
  path: Assets/Common_Rat/Prefabs/Rat_Skin_6_naked.prefab
  artifactKey: Guid(76d2a72447f80ee4e912492e15df4abe) Importer(815301076,1909f56bfc062723c751e8b465ee728b)
Start importing Assets/Common_Rat/Prefabs/Rat_Skin_6_naked.prefab using Guid(76d2a72447f80ee4e912492e15df4abe) Importer(815301076,1909f56bfc062723c751e8b465ee728b)  -> (artifact id: 'c01ea175dbeb7bbfd72348fbcd74c12d') in 0.066203 seconds
  Import took 0.069200 seconds .

========================================================================
Received Import Request.
  Time since last request: 0.000175 seconds.
  path: Assets/DeskMiniPack/Prefab/Desk_QUR.prefab
  artifactKey: Guid(dbf0aa289a46b6f4bba142f997508701) Importer(815301076,1909f56bfc062723c751e8b465ee728b)
Start importing Assets/DeskMiniPack/Prefab/Desk_QUR.prefab using Guid(dbf0aa289a46b6f4bba142f997508701) Importer(815301076,1909f56bfc062723c751e8b465ee728b)  -> (artifact id: '4b3f9bae10073d7fa0a983dd6071b1a9') in 0.035312 seconds
  Import took 0.038096 seconds .

========================================================================
Received Import Request.
  Time since last request: 0.000200 seconds.
  path: Assets/Common_Rat/Materials/M_Skin_1_Black.mat
  artifactKey: Guid(29399af8c22d32d409b33cfbb8601094) Importer(815301076,1909f56bfc062723c751e8b465ee728b)
Start importing Assets/Common_Rat/Materials/M_Skin_1_Black.mat using Guid(29399af8c22d32d409b33cfbb8601094) Importer(815301076,1909f56bfc062723c751e8b465ee728b)  -> (artifact id: '159a87c34613f7fb70620869b39b0b46') in 0.016861 seconds
  Import took 0.019573 seconds .

========================================================================
Received Import Request.
  Time since last request: 0.000180 seconds.
  path: Assets/DeskMiniPack/Textures/Desk_R_CabinetMaterial_AO.png
  artifactKey: Guid(6bdda6ff13fbc2842a62c86bb9e9b21e) Importer(815301076,1909f56bfc062723c751e8b465ee728b)
Start importing Assets/DeskMiniPack/Textures/Desk_R_CabinetMaterial_AO.png using Guid(6bdda6ff13fbc2842a62c86bb9e9b21e) Importer(815301076,1909f56bfc062723c751e8b465ee728b)  -> (artifact id: '1c732e4249f6f838b09d8a6d0481ded6') in 0.009463 seconds
  Import took 0.011942 seconds .

========================================================================
Received Import Request.
  Time since last request: 0.000242 seconds.
  path: Assets/Models/Desk Table/Models/Textures/desk_table_normal.png
  artifactKey: Guid(242dcb8c12a660648a398d2482eaa2ca) Importer(815301076,1909f56bfc062723c751e8b465ee728b)
Start importing Assets/Models/Desk Table/Models/Textures/desk_table_normal.png using Guid(242dcb8c12a660648a398d2482eaa2ca) Importer(815301076,1909f56bfc062723c751e8b465ee728b)  -> (artifact id: 'ebfc1ac06f99c2ba16679c9d31ad747e') in 0.010912 seconds
  Import took 0.013485 seconds .

========================================================================
Received Import Request.
  Time since last request: 0.000179 seconds.
  path: Assets/Models/Desk Table/Models/Materials/desk_table.mat
  artifactKey: Guid(48d19348c14f40c42be1c4c79d3f48e0) Importer(815301076,1909f56bfc062723c751e8b465ee728b)
Start importing Assets/Models/Desk Table/Models/Materials/desk_table.mat using Guid(48d19348c14f40c42be1c4c79d3f48e0) Importer(815301076,1909f56bfc062723c751e8b465ee728b)  -> (artifact id: '0cf9570be9a68f5590118d39c5232cf6') in 0.015656 seconds
  Import took 0.018272 seconds .

========================================================================
Received Import Request.
  Time since last request: 0.000287 seconds.
  path: Assets/00.AssetBundlePath/material/Desk_Panel.mat
  artifactKey: Guid(162cfbceb74402949bb3ebbe72e2585c) Importer(815301076,1909f56bfc062723c751e8b465ee728b)
Start importing Assets/00.AssetBundlePath/material/Desk_Panel.mat using Guid(162cfbceb74402949bb3ebbe72e2585c) Importer(815301076,1909f56bfc062723c751e8b465ee728b)  -> (artifact id: '050150e154d1e3399fe77584539b36b5') in 0.008328 seconds
  Import took 0.010656 seconds .

========================================================================
Received Import Request.
  Time since last request: 0.000211 seconds.
  path: Assets/DeskMiniPack/Textures/Desk_R_CabinetMaterial_MetallicSmoothness.png
  artifactKey: Guid(dca7abfaf9cc9f44cb456aba90990991) Importer(815301076,1909f56bfc062723c751e8b465ee728b)
Start importing Assets/DeskMiniPack/Textures/Desk_R_CabinetMaterial_MetallicSmoothness.png using Guid(dca7abfaf9cc9f44cb456aba90990991) Importer(815301076,1909f56bfc062723c751e8b465ee728b)  -> (artifact id: 'e5e55630480c463e5c1a5fb404e2acd1') in 0.013209 seconds
  Import took 0.015698 seconds .

========================================================================
Received Import Request.
  Time since last request: 0.000217 seconds.
  path: Assets/Common_Rat/Textures/Skin_1_Black/T_Rat_skin_1_black_a.png
  artifactKey: Guid(b8f852c7ae51e9d4ea5e8e8b52858a85) Importer(815301076,1909f56bfc062723c751e8b465ee728b)
Start importing Assets/Common_Rat/Textures/Skin_1_Black/T_Rat_skin_1_black_a.png using Guid(b8f852c7ae51e9d4ea5e8e8b52858a85) Importer(815301076,1909f56bfc062723c751e8b465ee728b)  -> (artifact id: 'f8de687c06d2deb4f648335ab7afb93f') in 0.009254 seconds
  Import took 0.011561 seconds .

========================================================================
Received Import Request.
  Time since last request: 0.000232 seconds.
  path: Assets/DeskMiniPack/Materials/MAT_Desk.mat
  artifactKey: Guid(147c8a697a623e541a2565ce02ebd883) Importer(815301076,1909f56bfc062723c751e8b465ee728b)
Start importing Assets/DeskMiniPack/Materials/MAT_Desk.mat using Guid(147c8a697a623e541a2565ce02ebd883) Importer(815301076,1909f56bfc062723c751e8b465ee728b)  -> (artifact id: '66e1d5c97792aa36c42480bc9d660f0a') in 0.017989 seconds
  Import took 0.020726 seconds .

========================================================================
Received Import Request.
  Time since last request: 0.000235 seconds.
  path: Assets/Common_Rat/Materials/M_Skin_6_Naked.mat
  artifactKey: Guid(343e03e20353af54aa9a0899766d0315) Importer(815301076,1909f56bfc062723c751e8b465ee728b)
Start importing Assets/Common_Rat/Materials/M_Skin_6_Naked.mat using Guid(343e03e20353af54aa9a0899766d0315) Importer(815301076,1909f56bfc062723c751e8b465ee728b)  -> (artifact id: '0c5f99913404a35d4c6d3234da972f4b') in 0.019978 seconds
  Import took 0.022636 seconds .

========================================================================
Received Import Request.
  Time since last request: 0.000178 seconds.
  path: Assets/Common_Rat/Textures/Skin_1_Black/T_Rat_skin_1_black_RGBA.png
  artifactKey: Guid(d62a8fccc2973b943bddc2a0d8ef5a97) Importer(815301076,1909f56bfc062723c751e8b465ee728b)
Start importing Assets/Common_Rat/Textures/Skin_1_Black/T_Rat_skin_1_black_RGBA.png using Guid(d62a8fccc2973b943bddc2a0d8ef5a97) Importer(815301076,1909f56bfc062723c751e8b465ee728b)  -> (artifact id: '66a2d49a87285bd2d9a5fc0373497106') in 0.010239 seconds
  Import took 0.012631 seconds .

========================================================================
Received Import Request.
  Time since last request: 0.000203 seconds.
  path: Assets/Common_Rat/Prefabs/Rat_Skin_3_grey.prefab
  artifactKey: Guid(01e8e73154642bd4f9e7ec47001a5c3a) Importer(815301076,1909f56bfc062723c751e8b465ee728b)
Start importing Assets/Common_Rat/Prefabs/Rat_Skin_3_grey.prefab using Guid(01e8e73154642bd4f9e7ec47001a5c3a) Importer(815301076,1909f56bfc062723c751e8b465ee728b)  -> (artifact id: '0ef0ec9b8c8332051c0107fd759ff4de') in 0.036819 seconds
  Import took 0.040074 seconds .

========================================================================
Received Import Request.
  Time since last request: 0.000286 seconds.
  path: Assets/Common_Rat/Prefabs/Rat_Skin_4_white.prefab
  artifactKey: Guid(9541fb20dd4ac074ba240e5d6a663a53) Importer(815301076,1909f56bfc062723c751e8b465ee728b)
Start importing Assets/Common_Rat/Prefabs/Rat_Skin_4_white.prefab using Guid(9541fb20dd4ac074ba240e5d6a663a53) Importer(815301076,1909f56bfc062723c751e8b465ee728b)  -> (artifact id: 'ac21e00a6fbfb9594bcdd52c58f720f4') in 0.035683 seconds
  Import took 0.038830 seconds .

========================================================================
Received Import Request.
  Time since last request: 0.000236 seconds.
  path: Assets/Common_Rat/Textures/Skin_3_Grey/T_Rat_skin_3_grey_a.png
  artifactKey: Guid(ebe2cb4bbe194c14aadd513fb529084c) Importer(815301076,1909f56bfc062723c751e8b465ee728b)
Start importing Assets/Common_Rat/Textures/Skin_3_Grey/T_Rat_skin_3_grey_a.png using Guid(ebe2cb4bbe194c14aadd513fb529084c) Importer(815301076,1909f56bfc062723c751e8b465ee728b)  -> (artifact id: '0eff9e09d383a7a58be65494f5c32f2e') in 0.010028 seconds
  Import took 0.012344 seconds .

========================================================================
Received Import Request.
  Time since last request: 0.000256 seconds.
  path: Assets/Models/Desk Table/Models/Materials/desk_table_Door.mat
  artifactKey: Guid(188d58a42a180a84c8d7144c8df57858) Importer(815301076,1909f56bfc062723c751e8b465ee728b)
Start importing Assets/Models/Desk Table/Models/Materials/desk_table_Door.mat using Guid(188d58a42a180a84c8d7144c8df57858) Importer(815301076,1909f56bfc062723c751e8b465ee728b)  -> (artifact id: '4065f2c5e8f51862ce652e0e594da1c7') in 0.009859 seconds
  Import took 0.012306 seconds .

========================================================================
Received Import Request.
  Time since last request: 0.000208 seconds.
  path: Assets/Common_Rat/Textures/Skin_1_Black/T_Rat_skin_1_black_n.png
  artifactKey: Guid(7e01a2bddd572124db81d07083fa6ffc) Importer(815301076,1909f56bfc062723c751e8b465ee728b)
Start importing Assets/Common_Rat/Textures/Skin_1_Black/T_Rat_skin_1_black_n.png using Guid(7e01a2bddd572124db81d07083fa6ffc) Importer(815301076,1909f56bfc062723c751e8b465ee728b)  -> (artifact id: 'bd7d9d64a782ec8ea0a3553b3cee238d') in 0.010329 seconds
  Import took 0.012761 seconds .

========================================================================
Received Import Request.
  Time since last request: 0.000204 seconds.
  path: Assets/DeskMiniPack/Textures/Desk_R_CabinetMaterial_AlbedoTransparency.png
  artifactKey: Guid(786fa7d7128d7c64e8e7021902c53170) Importer(815301076,1909f56bfc062723c751e8b465ee728b)
Start importing Assets/DeskMiniPack/Textures/Desk_R_CabinetMaterial_AlbedoTransparency.png using Guid(786fa7d7128d7c64e8e7021902c53170) Importer(815301076,1909f56bfc062723c751e8b465ee728b)  -> (artifact id: '38566224ede7b156a866ec53b49e81c4') in 0.009179 seconds
  Import took 0.011591 seconds .

========================================================================
Received Import Request.
  Time since last request: 0.000247 seconds.
  path: Assets/Models/Desk Table/Models/Textures/desk_table0.tga
  artifactKey: Guid(eef0070d910a2124186c6e445f159620) Importer(815301076,1909f56bfc062723c751e8b465ee728b)
Start importing Assets/Models/Desk Table/Models/Textures/desk_table0.tga using Guid(eef0070d910a2124186c6e445f159620) Importer(815301076,1909f56bfc062723c751e8b465ee728b)  -> (artifact id: '961e5f4d58e00ee4d0f6caeaca0c6d56') in 0.010277 seconds
  Import took 0.012813 seconds .

========================================================================
Received Import Request.
  Time since last request: 0.000185 seconds.
  path: Assets/DeskMiniPack/Textures/Desk_R_CabinetMaterial_Normal.png
  artifactKey: Guid(342df5e5b7e67fd47a31fccd81b5c509) Importer(815301076,1909f56bfc062723c751e8b465ee728b)
Start importing Assets/DeskMiniPack/Textures/Desk_R_CabinetMaterial_Normal.png using Guid(342df5e5b7e67fd47a31fccd81b5c509) Importer(815301076,1909f56bfc062723c751e8b465ee728b)  -> (artifact id: '13f28635e5fbb64b8f482f4a246e9089') in 0.011511 seconds
  Import took 0.014095 seconds .

========================================================================
Received Import Request.
  Time since last request: 0.000190 seconds.
  path: Assets/Common_Rat/Materials/M_Skin_3_Grey.mat
  artifactKey: Guid(bb839aaa5fbf6c4448541fb11fbc06ac) Importer(815301076,1909f56bfc062723c751e8b465ee728b)
Start importing Assets/Common_Rat/Materials/M_Skin_3_Grey.mat using Guid(bb839aaa5fbf6c4448541fb11fbc06ac) Importer(815301076,1909f56bfc062723c751e8b465ee728b)  -> (artifact id: 'a79975b55b647e116e5927db2909f335') in 0.016857 seconds
  Import took 0.019595 seconds .

========================================================================
Received Import Request.
  Time since last request: 0.000170 seconds.
  path: Assets/Common_Rat/Materials/M_Skin_4_White.mat
  artifactKey: Guid(5248a9e3470cf5e48bcb12fdfbdb831b) Importer(815301076,1909f56bfc062723c751e8b465ee728b)
Start importing Assets/Common_Rat/Materials/M_Skin_4_White.mat using Guid(5248a9e3470cf5e48bcb12fdfbdb831b) Importer(815301076,1909f56bfc062723c751e8b465ee728b)  -> (artifact id: '4ee935b6d16f70bdc7ea8c9987cd9eee') in 0.018609 seconds
  Import took 0.021381 seconds .

========================================================================
Received Import Request.
  Time since last request: 0.000218 seconds.
  path: Assets/Models/Desk Table/Models/Textures/desk_table_occlusion.png
  artifactKey: Guid(c9e8a2127fd0cf2408674c993b4bcb04) Importer(815301076,1909f56bfc062723c751e8b465ee728b)
Start importing Assets/Models/Desk Table/Models/Textures/desk_table_occlusion.png using Guid(c9e8a2127fd0cf2408674c993b4bcb04) Importer(815301076,1909f56bfc062723c751e8b465ee728b)  -> (artifact id: '3167352333f33c24a1c7b8972a393425') in 0.008826 seconds
  Import took 0.011320 seconds .

========================================================================
Received Import Request.
  Time since last request: 1791.909079 seconds.
  path: Assets/TimeLine_Asset/Sound/ImpactDistDullHi SDT2018703.wav
  artifactKey: Guid(6cd2b8a8ca7c3974fbb1d49b9b4b0872) Importer(815301076,1909f56bfc062723c751e8b465ee728b)
Start importing Assets/TimeLine_Asset/Sound/ImpactDistDullHi SDT2018703.wav using Guid(6cd2b8a8ca7c3974fbb1d49b9b4b0872) Importer(815301076,1909f56bfc062723c751e8b465ee728b)  -> (artifact id: 'fa7b5daf1ad4429868c7af680adf06e7') in 0.010126 seconds
  Import took 0.013241 seconds .

========================================================================
Received Import Request.
  Time since last request: 18.900342 seconds.
  path: Assets/TimeLine_Asset/Sound/Surprise_Impact.wav
  artifactKey: Guid(6cd2b8a8ca7c3974fbb1d49b9b4b0872) Importer(815301076,1909f56bfc062723c751e8b465ee728b)
Start importing Assets/TimeLine_Asset/Sound/Surprise_Impact.wav using Guid(6cd2b8a8ca7c3974fbb1d49b9b4b0872) Importer(815301076,1909f56bfc062723c751e8b465ee728b)  -> (artifact id: 'fab8f09fd51c607d4e0945d130eac487') in 0.010590 seconds
  Import took 0.013067 seconds .

========================================================================
Received Import Request.
  Time since last request: 403.186613 seconds.
  path: Assets/TimeLine_Asset/Sound/Horror Male Voice Shivering Scared.wav
  artifactKey: Guid(847b7dddf2405874b96883c8591d3ac8) Importer(815301076,1909f56bfc062723c751e8b465ee728b)
Start importing Assets/TimeLine_Asset/Sound/Horror Male Voice Shivering Scared.wav using Guid(847b7dddf2405874b96883c8591d3ac8) Importer(815301076,1909f56bfc062723c751e8b465ee728b)  -> (artifact id: '0860ad4b2249f69c689196166eeefb24') in 0.009802 seconds
  Import took 0.012806 seconds .

========================================================================
Received Import Request.
  Time since last request: 4.640671 seconds.
  path: Assets/TimeLine_Asset/Sound/BreatheScared_BW.11836.wav
  artifactKey: Guid(e3edf66a70bf7fc41a4b4af5bca46fbf) Importer(815301076,1909f56bfc062723c751e8b465ee728b)
Start importing Assets/TimeLine_Asset/Sound/BreatheScared_BW.11836.wav using Guid(e3edf66a70bf7fc41a4b4af5bca46fbf) Importer(815301076,1909f56bfc062723c751e8b465ee728b)  -> (artifact id: 'd01c26cd00e4b387a5a27ba3a7f32c10') in 0.008300 seconds
  Import took 0.010762 seconds .

========================================================================
Received Import Request.
  Time since last request: 4.591166 seconds.
  path: Assets/TimeLine_Asset/Sound/breaths_scared_2.wav
  artifactKey: Guid(19fbbfefc5c8dc84f959e61835a440c8) Importer(815301076,1909f56bfc062723c751e8b465ee728b)
Start importing Assets/TimeLine_Asset/Sound/breaths_scared_2.wav using Guid(19fbbfefc5c8dc84f959e61835a440c8) Importer(815301076,1909f56bfc062723c751e8b465ee728b)  -> (artifact id: '50afd31794103631d8f017012518e23d') in 0.007922 seconds
  Import took 0.010399 seconds .

========================================================================
Received Import Request.
  Time since last request: 4.620631 seconds.
  path: Assets/TimeLine_Asset/Sound/ImpactDistDullHi SDT2018703.wav
  artifactKey: Guid(ef30a5e1214c7eb44b5aa8663b782448) Importer(815301076,1909f56bfc062723c751e8b465ee728b)
Start importing Assets/TimeLine_Asset/Sound/ImpactDistDullHi SDT2018703.wav using Guid(ef30a5e1214c7eb44b5aa8663b782448) Importer(815301076,1909f56bfc062723c751e8b465ee728b)  -> (artifact id: '98faecac463c44317767779333db90ca') in 0.005440 seconds
  Import took 0.007963 seconds .

========================================================================
Received Import Request.
  Time since last request: 5.999949 seconds.
  path: Assets/TimeLine_Asset/Sound/18364 man scared dry scream-full.mp3
  artifactKey: Guid(672db37cc9f63e8429b8672d66c8d10a) Importer(815301076,1909f56bfc062723c751e8b465ee728b)
Start importing Assets/TimeLine_Asset/Sound/18364 man scared dry scream-full.mp3 using Guid(672db37cc9f63e8429b8672d66c8d10a) Importer(815301076,1909f56bfc062723c751e8b465ee728b)  -> (artifact id: '6ff35a125c1b1a8147f70c12f41782cf') in 0.008401 seconds
  Import took 0.010963 seconds .

========================================================================
Received Import Request.
  Time since last request: 0.000248 seconds.
  path: Assets/TimeLine_Asset/Sound/18364 man scared dry scream-full.wav
  artifactKey: Guid(da785a814f4ed18449023f9496c1cc1b) Importer(815301076,1909f56bfc062723c751e8b465ee728b)
Start importing Assets/TimeLine_Asset/Sound/18364 man scared dry scream-full.wav using Guid(da785a814f4ed18449023f9496c1cc1b) Importer(815301076,1909f56bfc062723c751e8b465ee728b)  -> (artifact id: '70a348455323d9ee081bdf8608f4131b') in 0.008578 seconds
  Import took 0.011056 seconds .

========================================================================
Received Import Request.
  Time since last request: 247.050006 seconds.
  path: Assets/TimeLine_Asset/Sound/HUMAN-BREATH_GEN-HDF-14860.wav
  artifactKey: Guid(ddf625d17531b0140b34201a52c41b3f) Importer(815301076,1909f56bfc062723c751e8b465ee728b)
Start importing Assets/TimeLine_Asset/Sound/HUMAN-BREATH_GEN-HDF-14860.wav using Guid(ddf625d17531b0140b34201a52c41b3f) Importer(815301076,1909f56bfc062723c751e8b465ee728b)  -> (artifact id: '2ceb4a2bce751e17950cc88d1c3cfd31') in 0.009248 seconds
  Import took 0.012250 seconds .

========================================================================
Received Import Request.
  Time since last request: 181.433136 seconds.
  path: Assets/TimeLine_Asset/Sound/Male Surprised 2 Gasp.mp3
  artifactKey: Guid(67d5ec8905bc93f40ab8535f4f6a1a54) Importer(815301076,1909f56bfc062723c751e8b465ee728b)
Start importing Assets/TimeLine_Asset/Sound/Male Surprised 2 Gasp.mp3 using Guid(67d5ec8905bc93f40ab8535f4f6a1a54) Importer(815301076,1909f56bfc062723c751e8b465ee728b)  -> (artifact id: 'dc6483b87180e82b2b69077336ef0086') in 0.010193 seconds
  Import took 0.012942 seconds .

========================================================================
Received Import Request.
  Time since last request: 179.735671 seconds.
  path: Assets/TimeLine_Asset/Sound/ThunderClap2HvyF SDT2042502.wav
  artifactKey: Guid(42c859efa90fd11479d0650e905f1866) Importer(815301076,1909f56bfc062723c751e8b465ee728b)
Start importing Assets/TimeLine_Asset/Sound/ThunderClap2HvyF SDT2042502.wav using Guid(42c859efa90fd11479d0650e905f1866) Importer(815301076,1909f56bfc062723c751e8b465ee728b)  -> (artifact id: '8f87b0e2a27276ee147265cd85f23b42') in 0.009848 seconds
  Import took 0.012840 seconds .

========================================================================
Received Import Request.
  Time since last request: 248.442709 seconds.
  path: Assets/TimeLine_Asset/Animation/ScientistModel 1@Nervously Look Around.fbx
  artifactKey: Guid(efc42d734e5c7074f80c873343495dec) Importer(815301076,1909f56bfc062723c751e8b465ee728b)
Start importing Assets/TimeLine_Asset/Animation/ScientistModel 1@Nervously Look Around.fbx using Guid(efc42d734e5c7074f80c873343495dec) Importer(815301076,1909f56bfc062723c751e8b465ee728b)  -> (artifact id: '1a028ff884bfa46efbbc1767056fead7') in 0.103485 seconds
  Import took 0.107129 seconds .

========================================================================
Received Import Request.
  Time since last request: 9.998651 seconds.
  path: Assets/TimeLine_Asset/Animation/ScientistModel 1@Nervously Look Around.fbx
  artifactKey: Guid(efc42d734e5c7074f80c873343495dec) Importer(815301076,1909f56bfc062723c751e8b465ee728b)
Start importing Assets/TimeLine_Asset/Animation/ScientistModel 1@Nervously Look Around.fbx using Guid(efc42d734e5c7074f80c873343495dec) Importer(815301076,1909f56bfc062723c751e8b465ee728b)  -> (artifact id: '6a37d9ff0d08eba2be824960757b708f') in 0.184660 seconds
  Import took 0.188627 seconds .

========================================================================
Received Import Request.
  Time since last request: 41.784315 seconds.
  path: Assets/TimeLine_Asset/Animation/ScientistModel 1@Nervously Look Around.fbx
  artifactKey: Guid(efc42d734e5c7074f80c873343495dec) Importer(815301076,1909f56bfc062723c751e8b465ee728b)
Start importing Assets/TimeLine_Asset/Animation/ScientistModel 1@Nervously Look Around.fbx using Guid(efc42d734e5c7074f80c873343495dec) Importer(815301076,1909f56bfc062723c751e8b465ee728b)  -> (artifact id: '1501003ebcb447bc49baa82b15aa1cda') in 0.087504 seconds
  Import took 0.090646 seconds .

========================================================================
Received Import Request.
  Time since last request: 400.357155 seconds.
  path: Assets/TimeLine_Asset/Sound/Swallow_BW.16576.wav
  artifactKey: Guid(7cfd666dcf916f24d888e4130068ab26) Importer(815301076,1909f56bfc062723c751e8b465ee728b)
Start importing Assets/TimeLine_Asset/Sound/Swallow_BW.16576.wav using Guid(7cfd666dcf916f24d888e4130068ab26) Importer(815301076,1909f56bfc062723c751e8b465ee728b)  -> (artifact id: '8ff491acebe6b00c74a12575058ada67') in 0.010022 seconds
  Import took 0.013124 seconds .

========================================================================
Received Import Request.
  Time since last request: 85.438279 seconds.
  path: Assets/TimeLine_Asset/Sound/swallow01.wav
  artifactKey: Guid(5c335653de3160c41b21d49dc9bd7c98) Importer(815301076,1909f56bfc062723c751e8b465ee728b)
Start importing Assets/TimeLine_Asset/Sound/swallow01.wav using Guid(5c335653de3160c41b21d49dc9bd7c98) Importer(815301076,1909f56bfc062723c751e8b465ee728b)  -> (artifact id: '9b7077c50976b0621f632c567335a5d3') in 0.011496 seconds
  Import took 0.014368 seconds .

========================================================================
Received Import Request.
  Time since last request: 140.482046 seconds.
  path: Assets/Timeline/TImeLine_Escape.playable
  artifactKey: Guid(f5a0d7aca762e174c9fd8ff31c519867) Importer(815301076,1909f56bfc062723c751e8b465ee728b)
Start importing Assets/Timeline/TImeLine_Escape.playable using Guid(f5a0d7aca762e174c9fd8ff31c519867) Importer(815301076,1909f56bfc062723c751e8b465ee728b)  -> (artifact id: 'bf412bb55a8b6d7ebcff234049a44aea') in 0.010876 seconds
  Import took 0.013883 seconds .

========================================================================
Received Import Request.
  Time since last request: 0.003649 seconds.
  path: Assets/Timeline/TImeLine_Escape.playable
  artifactKey: Guid(f5a0d7aca762e174c9fd8ff31c519867) Importer(815301076,1909f56bfc062723c751e8b465ee728b)
Start importing Assets/Timeline/TImeLine_Escape.playable using Guid(f5a0d7aca762e174c9fd8ff31c519867) Importer(815301076,1909f56bfc062723c751e8b465ee728b)  -> (artifact id: 'bf412bb55a8b6d7ebcff234049a44aea') in 0.009654 seconds
  Import took 0.012575 seconds .

