Using pre-set license
Built from '2020.3/release' branch; Version is '2020.3.2f1 (8fd9074bf66c) revision 9427207'; Using compiler version '192528614'; Build Type 'Release'
OS: 'Windows 10 Pro; OS build 19042.1415; Version 2009; 64bit' Language: 'ko' Physical Memory: 32680 MB
BatchMode: 1, IsHumanControllingUs: 0, StartBugReporterOnCrash: 0, Is64bit: 1, IsPro: 0

 COMMAND LINE ARGUMENTS:
C:\Program Files\Unity\Hub\Editor\2020.3.2f1\Editor\Unity.exe
-adb2
-batchMode
-noUpm
-name
AssetImportWorker0
-projectPath
D:/JaesunHan/Github/RoomEscape_Movie/RoomEscape_Movie
-logFile
Logs/AssetImportWorker0.log
-srvPort
59066
Successfully changed project path to: D:/JaesunHan/Github/RoomEscape_Movie/RoomEscape_Movie
D:/JaesunHan/Github/RoomEscape_Movie/RoomEscape_Movie
Using Asset Import Pipeline V2.
Refreshing native plugins compatible for Editor in 29.91 ms, found 0 plugins.
Preloading 0 native plugins for Editor in 0.00 ms.
Initialize engine version: 2020.3.2f1 (8fd9074bf66c)
[Subsystems] Discovering subsystems at path C:/Program Files/Unity/Hub/Editor/2020.3.2f1/Editor/Data/Resources/UnitySubsystems
[Subsystems] Discovering subsystems at path D:/JaesunHan/Github/RoomEscape_Movie/RoomEscape_Movie/Assets
GfxDevice: creating device client; threaded=0
Direct3D:
    Version:  Direct3D 11.0 [level 11.1]
    Renderer: NVIDIA GeForce RTX 2060 SUPER (ID=0x1f06)
    Vendor:   
    VRAM:     8031 MB
    Driver:   27.21.14.5671
Shader 'Light/RGB': fallback shader 'Lightbeam/Lightbeam' not found
Initialize mono
Mono path[0] = 'C:/Program Files/Unity/Hub/Editor/2020.3.2f1/Editor/Data/Managed'
Mono path[1] = 'C:/Program Files/Unity/Hub/Editor/2020.3.2f1/Editor/Data/MonoBleedingEdge/lib/mono/unityjit'
Mono config path = 'C:/Program Files/Unity/Hub/Editor/2020.3.2f1/Editor/Data/MonoBleedingEdge/etc'
Using monoOptions --debugger-agent=transport=dt_socket,embedding=1,server=y,suspend=n,address=127.0.0.1:56640
Begin MonoManager ReloadAssembly
Registering precompiled unity dll's ...
Register platform support module: C:/Program Files/Unity/Hub/Editor/2020.3.2f1/Editor/Data/PlaybackEngines/WindowsStandaloneSupport/UnityEditor.WindowsStandalone.Extensions.dll
Registered in 0.002522 seconds.
Native extension for WindowsStandalone target not found
Refreshing native plugins compatible for Editor in 29.36 ms, found 0 plugins.
Preloading 0 native plugins for Editor in 0.00 ms.
Invoked RoslynAnalysisRunner static constructor.
RoslynAnalysisRunner will not be running.
RoslynAnalysisRunner has terminated.
Mono: successfully reloaded assembly
- Completed reload, in  1.923 seconds
Platform modules already initialized, skipping
Registering precompiled user dll's ...
Registered in 0.005532 seconds.
Begin MonoManager ReloadAssembly
Native extension for WindowsStandalone target not found
Refreshing native plugins compatible for Editor in 0.39 ms, found 0 plugins.
Preloading 0 native plugins for Editor in 0.00 ms.
Added "DREAMTECK_SPLINES" to Standalone Scripting define in Player Settings
UnityEngine.StackTraceUtility:ExtractStackTrace ()
UnityEngine.DebugLogHandler:LogFormat (UnityEngine.LogType,UnityEngine.Object,string,object[])
UnityEngine.Logger:Log (UnityEngine.LogType,object)
UnityEngine.Debug:Log (object)
Dreamteck.Splines.Editor.AddScriptingDefines:AddScriptingDefine (string,UnityEditor.BuildTargetGroup) (at Assets/Dreamteck/Splines/Editor/WelcomeScreen.cs:43)
Dreamteck.Splines.Editor.AddScriptingDefines:.cctor () (at Assets/Dreamteck/Splines/Editor/WelcomeScreen.cs:36)
System.Runtime.CompilerServices.RuntimeHelpers:RunClassConstructor (System.RuntimeTypeHandle)
UnityEditor.EditorAssemblies:ProcessInitializeOnLoadAttributes (System.Type[])

(Filename: Assets/Dreamteck/Splines/Editor/WelcomeScreen.cs Line: 43)

[ScriptCompilation] NOT recompiling all scripts because this is an import worker process. Reason to compile was: Define symbols changed
Invoked RoslynAnalysisRunner static constructor.
RoslynAnalysisRunner will not be running.
RoslynAnalysisRunner has terminated.
[Auto Package] : Couldn't find the packages list. Be sure there is a file called PackageImportList in your project
UnityEngine.StackTraceUtility:ExtractStackTrace ()
UnityEngine.DebugLogHandler:LogFormat (UnityEngine.LogType,UnityEngine.Object,string,object[])
UnityEngine.Logger:Log (UnityEngine.LogType,object)
UnityEngine.Debug:LogError (object)
StarterAssets.PackageChecker:CheckPackage () (at Assets/StarterAssets/Editor/PackageChecker/PackageChecker.cs:42)

(Filename: Assets/StarterAssets/Editor/PackageChecker/PackageChecker.cs Line: 42)

Mono: successfully reloaded assembly
- Completed reload, in  0.815 seconds
Platform modules already initialized, skipping
========================================================================
Worker process is ready to serve import requests
Shader 'Light/RGB': fallback shader 'Lightbeam/Lightbeam' not found
Launched and connected shader compiler UnityShaderCompiler.exe after 0.04 seconds
Refreshing native plugins compatible for Editor in 0.39 ms, found 0 plugins.
Preloading 0 native plugins for Editor in 0.00 ms.
Unloading 1647 Unused Serialized files (Serialized files now loaded: 0)
System memory in use before: 90.5 MB.
System memory in use after: 90.5 MB.

Unloading 26 unused Assets to reduce memory usage. Loaded Objects now: 2086.
Total: 1.742700 ms (FindLiveObjects: 0.160100 ms CreateObjectMapping: 0.060300 ms MarkObjects: 1.446000 ms  DeleteObjects: 0.075500 ms)

========================================================================
Received Import Request.
  path: Assets/Scenes/SampleScene.unity
  artifactKey: Guid(9fc0d4010bbf28b4594072e72b8655ab) Importer(815301076,1909f56bfc062723c751e8b465ee728b)
Start importing Assets/Scenes/SampleScene.unity using Guid(9fc0d4010bbf28b4594072e72b8655ab) Importer(815301076,1909f56bfc062723c751e8b465ee728b)  -> (artifact id: '75076e30b8b84ebf5e20060e44b32f1e') in 0.013874 seconds
  Import took 0.016455 seconds .

========================================================================
Received Import Request.
  Time since last request: 149.695972 seconds.
  path: Assets/Human mutant 3/Animations/Human mutant 3@Attack(1).fbx
  artifactKey: Guid(89cb8798f85136446a11790c958cfc4d) Importer(815301076,1909f56bfc062723c751e8b465ee728b)
Start importing Assets/Human mutant 3/Animations/Human mutant 3@Attack(1).fbx using Guid(89cb8798f85136446a11790c958cfc4d) Importer(815301076,1909f56bfc062723c751e8b465ee728b)  -> (artifact id: '26886915a0d11fa7b27bb88d79a320ce') in 0.323269 seconds
  Import took 0.330613 seconds .

========================================================================
Received Import Request.
  Time since last request: 0.000268 seconds.
  path: Assets/Human mutant 3/Animations/Human mutant 3@Eat(1).fbx
  artifactKey: Guid(64df2a55b6e22eb4a9e0723bb7de2c2d) Importer(815301076,1909f56bfc062723c751e8b465ee728b)
Start importing Assets/Human mutant 3/Animations/Human mutant 3@Eat(1).fbx using Guid(64df2a55b6e22eb4a9e0723bb7de2c2d) Importer(815301076,1909f56bfc062723c751e8b465ee728b)  -> (artifact id: '005c782828e5cfe09ce429094453c37b') in 0.179261 seconds
  Import took 0.186639 seconds .

========================================================================
Received Import Request.
  Time since last request: 0.000219 seconds.
  path: Assets/Human mutant 3/Animations/Human mutant 3@Attack(3).fbx
  artifactKey: Guid(e63d89e2b54ec9c4f95c8aefed7ef34e) Importer(815301076,1909f56bfc062723c751e8b465ee728b)
Start importing Assets/Human mutant 3/Animations/Human mutant 3@Attack(3).fbx using Guid(e63d89e2b54ec9c4f95c8aefed7ef34e) Importer(815301076,1909f56bfc062723c751e8b465ee728b)  -> (artifact id: 'd4ef22f8af37f31d7b727e96f68f740e') in 0.156277 seconds
  Import took 0.163427 seconds .

========================================================================
Received Import Request.
  Time since last request: 0.000174 seconds.
  path: Assets/Human mutant 3/Animations/Human mutant 3@Attack(2).fbx
  artifactKey: Guid(f916983ddf23d1c438213c871ce43fc6) Importer(815301076,1909f56bfc062723c751e8b465ee728b)
Start importing Assets/Human mutant 3/Animations/Human mutant 3@Attack(2).fbx using Guid(f916983ddf23d1c438213c871ce43fc6) Importer(815301076,1909f56bfc062723c751e8b465ee728b)  -> (artifact id: 'ba92c4433840f7ca32024400d1974ea4') in 0.146221 seconds
  Import took 0.153372 seconds .

========================================================================
Received Import Request.
  Time since last request: 0.000172 seconds.
  path: Assets/Human mutant 3/Animations/Human mutant 3@Death.fbx
  artifactKey: Guid(a1d8d9e56ae95f843ae3d96437a92258) Importer(815301076,1909f56bfc062723c751e8b465ee728b)
Start importing Assets/Human mutant 3/Animations/Human mutant 3@Death.fbx using Guid(a1d8d9e56ae95f843ae3d96437a92258) Importer(815301076,1909f56bfc062723c751e8b465ee728b)  -> (artifact id: '2535be2ebcd8ab309583b6537fe0999c') in 0.146708 seconds
  Import took 0.153746 seconds .

========================================================================
Received Import Request.
  Time since last request: 0.000171 seconds.
  path: Assets/Human mutant 3/Animations/Human mutant 3@Attack(2).fbx
  artifactKey: Guid(f916983ddf23d1c438213c871ce43fc6) Importer(815301076,1909f56bfc062723c751e8b465ee728b)
Start importing Assets/Human mutant 3/Animations/Human mutant 3@Attack(2).fbx using Guid(f916983ddf23d1c438213c871ce43fc6) Importer(815301076,1909f56bfc062723c751e8b465ee728b)  -> (artifact id: 'ba92c4433840f7ca32024400d1974ea4') in 0.150922 seconds
  Import took 0.157870 seconds .

========================================================================
Received Import Request.
  Time since last request: 0.000190 seconds.
  path: Assets/Human mutant 3/Animations/Human mutant 3@Death.fbx
  artifactKey: Guid(a1d8d9e56ae95f843ae3d96437a92258) Importer(815301076,1909f56bfc062723c751e8b465ee728b)
Start importing Assets/Human mutant 3/Animations/Human mutant 3@Death.fbx using Guid(a1d8d9e56ae95f843ae3d96437a92258) Importer(815301076,1909f56bfc062723c751e8b465ee728b)  -> (artifact id: '2535be2ebcd8ab309583b6537fe0999c') in 0.143598 seconds
  Import took 0.151289 seconds .

========================================================================
Received Import Request.
  Time since last request: 0.000198 seconds.
  path: Assets/Human mutant 3/Animations/Human mutant 3@Get hit(4).fbx
  artifactKey: Guid(feaea995e1b1ee7459238d10ed04922b) Importer(815301076,1909f56bfc062723c751e8b465ee728b)
Start importing Assets/Human mutant 3/Animations/Human mutant 3@Get hit(4).fbx using Guid(feaea995e1b1ee7459238d10ed04922b) Importer(815301076,1909f56bfc062723c751e8b465ee728b)  -> (artifact id: '37dce2d9cb8316408dbb13076dc7db6d') in 0.147734 seconds
  Import took 0.156683 seconds .

========================================================================
Received Import Request.
  Time since last request: 0.000226 seconds.
  path: Assets/Human mutant 3/Animations/Human mutant 3@Attack(1).fbx
  artifactKey: Guid(89cb8798f85136446a11790c958cfc4d) Importer(815301076,1909f56bfc062723c751e8b465ee728b)
Start importing Assets/Human mutant 3/Animations/Human mutant 3@Attack(1).fbx using Guid(89cb8798f85136446a11790c958cfc4d) Importer(815301076,1909f56bfc062723c751e8b465ee728b)  -> (artifact id: '26886915a0d11fa7b27bb88d79a320ce') in 0.172594 seconds
  Import took 0.180257 seconds .

========================================================================
Received Import Request.
  Time since last request: 0.000222 seconds.
  path: Assets/Human mutant 3/Animations/Human mutant 3@Eat(2).fbx
  artifactKey: Guid(ec45eb7201c456a40ae74407919a1c9a) Importer(815301076,1909f56bfc062723c751e8b465ee728b)
Start importing Assets/Human mutant 3/Animations/Human mutant 3@Eat(2).fbx using Guid(ec45eb7201c456a40ae74407919a1c9a) Importer(815301076,1909f56bfc062723c751e8b465ee728b)  -> (artifact id: 'c4280cb94825059217430babd92a384d') in 0.146658 seconds
  Import took 0.154352 seconds .

========================================================================
Received Import Request.
  Time since last request: 0.000183 seconds.
  path: Assets/Human mutant 3/Animations/Human mutant 3@Idle(2).fbx
  artifactKey: Guid(8dc31a26812d75743a4bda2df812626f) Importer(815301076,1909f56bfc062723c751e8b465ee728b)
Start importing Assets/Human mutant 3/Animations/Human mutant 3@Idle(2).fbx using Guid(8dc31a26812d75743a4bda2df812626f) Importer(815301076,1909f56bfc062723c751e8b465ee728b)  -> (artifact id: 'aece1117dba43c4ac1bde42831ca19b1') in 0.149362 seconds
  Import took 0.156723 seconds .

========================================================================
Received Import Request.
  Time since last request: 0.000189 seconds.
  path: Assets/Human mutant 3/Animations/Human mutant 3@Get hit(1).fbx
  artifactKey: Guid(1110d0639c74b094584c04dfb25da468) Importer(815301076,1909f56bfc062723c751e8b465ee728b)
Start importing Assets/Human mutant 3/Animations/Human mutant 3@Get hit(1).fbx using Guid(1110d0639c74b094584c04dfb25da468) Importer(815301076,1909f56bfc062723c751e8b465ee728b)  -> (artifact id: 'f0a175bb9b1c933044716d5863773765') in 0.147291 seconds
  Import took 0.154620 seconds .

========================================================================
Received Import Request.
  Time since last request: 0.000182 seconds.
  path: Assets/Human mutant 3/Animations/Human mutant 3@Idle(1).fbx
  artifactKey: Guid(325c9d7335499224ca966d513697fe0d) Importer(815301076,1909f56bfc062723c751e8b465ee728b)
Start importing Assets/Human mutant 3/Animations/Human mutant 3@Idle(1).fbx using Guid(325c9d7335499224ca966d513697fe0d) Importer(815301076,1909f56bfc062723c751e8b465ee728b)  -> (artifact id: 'c03dc85b134bf4c9dce26c864e5d7b7f') in 0.149167 seconds
  Import took 0.156417 seconds .

========================================================================
Received Import Request.
  Time since last request: 0.000205 seconds.
  path: Assets/Human mutant 3/Animations/Human mutant 3@Get hit(1).fbx
  artifactKey: Guid(1110d0639c74b094584c04dfb25da468) Importer(815301076,1909f56bfc062723c751e8b465ee728b)
Start importing Assets/Human mutant 3/Animations/Human mutant 3@Get hit(1).fbx using Guid(1110d0639c74b094584c04dfb25da468) Importer(815301076,1909f56bfc062723c751e8b465ee728b)  -> (artifact id: 'f0a175bb9b1c933044716d5863773765') in 0.146941 seconds
  Import took 0.154263 seconds .

========================================================================
Received Import Request.
  Time since last request: 0.000237 seconds.
  path: Assets/Human mutant 3/Animations/Human mutant 3@Shout.fbx
  artifactKey: Guid(174691125ac3c8948af890901d8bc943) Importer(815301076,1909f56bfc062723c751e8b465ee728b)
Start importing Assets/Human mutant 3/Animations/Human mutant 3@Shout.fbx using Guid(174691125ac3c8948af890901d8bc943) Importer(815301076,1909f56bfc062723c751e8b465ee728b)  -> (artifact id: 'fa324b559bf4aee148d223e7a5e65e4d') in 0.163207 seconds
  Import took 0.170534 seconds .

========================================================================
Received Import Request.
  Time since last request: 0.000203 seconds.
  path: Assets/Human mutant 3/Animations/Human mutant 3@Get hit(2).fbx
  artifactKey: Guid(28dc8055740764b44bf48bb75e624e44) Importer(815301076,1909f56bfc062723c751e8b465ee728b)
Start importing Assets/Human mutant 3/Animations/Human mutant 3@Get hit(2).fbx using Guid(28dc8055740764b44bf48bb75e624e44) Importer(815301076,1909f56bfc062723c751e8b465ee728b)  -> (artifact id: '0d6608d625d90aa4234ea6be0a39ef2e') in 0.146209 seconds
  Import took 0.153457 seconds .

========================================================================
Received Import Request.
  Time since last request: 0.000173 seconds.
  path: Assets/Human mutant 3/Animations/Human mutant 3@Jump.fbx
  artifactKey: Guid(baa2bec981a4ca741943f21ab300a135) Importer(815301076,1909f56bfc062723c751e8b465ee728b)
Start importing Assets/Human mutant 3/Animations/Human mutant 3@Jump.fbx using Guid(baa2bec981a4ca741943f21ab300a135) Importer(815301076,1909f56bfc062723c751e8b465ee728b)  -> (artifact id: '95f609becd3de3ee0f6b9b399fafc84b') in 0.147404 seconds
  Import took 0.154436 seconds .

========================================================================
Received Import Request.
  Time since last request: 0.000179 seconds.
  path: Assets/Human mutant 3/Animations/Human mutant 3@Get hit(2).fbx
  artifactKey: Guid(28dc8055740764b44bf48bb75e624e44) Importer(815301076,1909f56bfc062723c751e8b465ee728b)
Start importing Assets/Human mutant 3/Animations/Human mutant 3@Get hit(2).fbx using Guid(28dc8055740764b44bf48bb75e624e44) Importer(815301076,1909f56bfc062723c751e8b465ee728b)  -> (artifact id: '0d6608d625d90aa4234ea6be0a39ef2e') in 0.146263 seconds
  Import took 0.153524 seconds .

========================================================================
Received Import Request.
  Time since last request: 0.000199 seconds.
  path: Assets/Human mutant 3/Animations/Human mutant 3@Get hit(3).fbx
  artifactKey: Guid(920e4e5c8ed2f9547b5b3f3f4fd3f2b3) Importer(815301076,1909f56bfc062723c751e8b465ee728b)
Start importing Assets/Human mutant 3/Animations/Human mutant 3@Get hit(3).fbx using Guid(920e4e5c8ed2f9547b5b3f3f4fd3f2b3) Importer(815301076,1909f56bfc062723c751e8b465ee728b)  -> (artifact id: '59fe3da2a5c9c680f4ecca524db24cbb') in 0.149739 seconds
  Import took 0.157140 seconds .

========================================================================
Received Import Request.
  Time since last request: 0.000202 seconds.
  path: Assets/Human mutant 3/Animations/Human mutant 3@Walk.fbx
  artifactKey: Guid(17aedb13c90813840beec4fe6b343ea8) Importer(815301076,1909f56bfc062723c751e8b465ee728b)
Start importing Assets/Human mutant 3/Animations/Human mutant 3@Walk.fbx using Guid(17aedb13c90813840beec4fe6b343ea8) Importer(815301076,1909f56bfc062723c751e8b465ee728b)  -> (artifact id: '072e531baf0977ef45a74ddeecf172fe') in 0.148328 seconds
  Import took 0.155501 seconds .

========================================================================
Received Import Request.
  Time since last request: 0.000176 seconds.
  path: Assets/Human mutant 3/Animations/Human mutant 3@Run.fbx
  artifactKey: Guid(aecefe8cba91d6d4c8e7ca61f36901b0) Importer(815301076,1909f56bfc062723c751e8b465ee728b)
Start importing Assets/Human mutant 3/Animations/Human mutant 3@Run.fbx using Guid(aecefe8cba91d6d4c8e7ca61f36901b0) Importer(815301076,1909f56bfc062723c751e8b465ee728b)  -> (artifact id: 'd8a22ac654fcc90a340d22e13f388ead') in 0.150124 seconds
  Import took 0.159891 seconds .

========================================================================
Received Import Request.
  Time since last request: 0.007057 seconds.
  path: Assets/Human mutant 3/Animations/Human mutant 3@Run.fbx
  artifactKey: Guid(aecefe8cba91d6d4c8e7ca61f36901b0) Importer(815301076,1909f56bfc062723c751e8b465ee728b)
Start importing Assets/Human mutant 3/Animations/Human mutant 3@Run.fbx using Guid(aecefe8cba91d6d4c8e7ca61f36901b0) Importer(815301076,1909f56bfc062723c751e8b465ee728b)  -> (artifact id: 'd8a22ac654fcc90a340d22e13f388ead') in 0.145449 seconds
  Import took 0.153365 seconds .

========================================================================
Received Import Request.
  Time since last request: 17.322802 seconds.
  path: Assets/SCP
  artifactKey: Guid(0f9949c7b56d33a4fa8bea0b0d4a8054) Importer(815301076,1909f56bfc062723c751e8b465ee728b)
Start importing Assets/SCP using Guid(0f9949c7b56d33a4fa8bea0b0d4a8054) Importer(815301076,1909f56bfc062723c751e8b465ee728b)  -> (artifact id: '63ffd8b44b844549d1932030f0ab982b') in 0.005392 seconds
  Import took 0.007812 seconds .

========================================================================
Received Import Request.
  Time since last request: 0.001334 seconds.
  path: Assets/SCP
  artifactKey: Guid(0f9949c7b56d33a4fa8bea0b0d4a8054) Importer(815301076,1909f56bfc062723c751e8b465ee728b)
Start importing Assets/SCP using Guid(0f9949c7b56d33a4fa8bea0b0d4a8054) Importer(815301076,1909f56bfc062723c751e8b465ee728b)  -> (artifact id: '63ffd8b44b844549d1932030f0ab982b') in 0.001859 seconds
  Import took 0.004271 seconds .

========================================================================
Received Import Request.
  Time since last request: 1.340780 seconds.
  path: Assets/SCP/SCP_096
  artifactKey: Guid(0caac70d5ac6c4b4e92f292af7ce845f) Importer(815301076,1909f56bfc062723c751e8b465ee728b)
Start importing Assets/SCP/SCP_096 using Guid(0caac70d5ac6c4b4e92f292af7ce845f) Importer(815301076,1909f56bfc062723c751e8b465ee728b)  -> (artifact id: '8103681bda0ec1654008d800a39bb664') in 0.005001 seconds
  Import took 0.007550 seconds .

========================================================================
Received Import Request.
  Time since last request: 0.617369 seconds.
  path: Assets/SCP/SCP_096/scp 096_1
  artifactKey: Guid(b139178140c41474f800f9aaeb2f4090) Importer(815301076,1909f56bfc062723c751e8b465ee728b)
Start importing Assets/SCP/SCP_096/scp 096_1 using Guid(b139178140c41474f800f9aaeb2f4090) Importer(815301076,1909f56bfc062723c751e8b465ee728b)  -> (artifact id: '7f3a47a8a93c0da758171791d9c3f862') in 0.004820 seconds
  Import took 0.007225 seconds .

========================================================================
Received Import Request.
  Time since last request: 0.673100 seconds.
  path: Assets/SCP/SCP_096/scp 096_1/scp-096
  artifactKey: Guid(3a034af244d78c64f8c86e9e6f3d3160) Importer(815301076,1909f56bfc062723c751e8b465ee728b)
Start importing Assets/SCP/SCP_096/scp 096_1/scp-096 using Guid(3a034af244d78c64f8c86e9e6f3d3160) Importer(815301076,1909f56bfc062723c751e8b465ee728b)  -> (artifact id: 'ffecf7a9394e1df51491ed3cc8b13c37') in 0.004807 seconds
  Import took 0.007251 seconds .

========================================================================
Received Import Request.
  Time since last request: 1.023018 seconds.
  path: Assets/SCP/SCP_096/scp 096_1/scp-096/source
  artifactKey: Guid(d4524dc2ef84d58489bf776ae84fbe8d) Importer(815301076,1909f56bfc062723c751e8b465ee728b)
Start importing Assets/SCP/SCP_096/scp 096_1/scp-096/source using Guid(d4524dc2ef84d58489bf776ae84fbe8d) Importer(815301076,1909f56bfc062723c751e8b465ee728b)  -> (artifact id: '9619a9b99071112ecd979e689545be11') in 0.004835 seconds
  Import took 0.007251 seconds .

========================================================================
Received Import Request.
  Time since last request: 0.070705 seconds.
  path: Assets/SCP/SCP_096/scp 096_1/scp-096/source/SCP-096.fbx
  artifactKey: Guid(1c6d9136fc76eeb4caf3aa185527ecbb) Importer(815301076,1909f56bfc062723c751e8b465ee728b)
Start importing Assets/SCP/SCP_096/scp 096_1/scp-096/source/SCP-096.fbx using Guid(1c6d9136fc76eeb4caf3aa185527ecbb) Importer(815301076,1909f56bfc062723c751e8b465ee728b)  -> (artifact id: '4d649c34e228d87e5264adf8963f37e4') in 0.119415 seconds
  Import took 0.123036 seconds .

========================================================================
Received Import Request.
  Time since last request: 140.929848 seconds.
  path: Assets/Human mutant 3/Animations/Human mutant 3 Animator Controller.controller
  artifactKey: Guid(f6d125aca5efce94481d5e882b1cbc82) Importer(815301076,1909f56bfc062723c751e8b465ee728b)
Start importing Assets/Human mutant 3/Animations/Human mutant 3 Animator Controller.controller using Guid(f6d125aca5efce94481d5e882b1cbc82) Importer(815301076,1909f56bfc062723c751e8b465ee728b)  -> (artifact id: 'f78708ea149c54b9456e1c8dbb3a69da') in 0.022018 seconds
  Import took 0.025911 seconds .

========================================================================
Received Prepare
Registering precompiled user dll's ...
Registered in 0.005342 seconds.
Begin MonoManager ReloadAssembly
Native extension for WindowsStandalone target not found
Refreshing native plugins compatible for Editor in 0.39 ms, found 0 plugins.
Preloading 0 native plugins for Editor in 0.00 ms.
Invoked RoslynAnalysisRunner static constructor.
RoslynAnalysisRunner will not be running.
RoslynAnalysisRunner has terminated.
[Auto Package] : Couldn't find the packages list. Be sure there is a file called PackageImportList in your project
UnityEngine.StackTraceUtility:ExtractStackTrace ()
UnityEngine.DebugLogHandler:LogFormat (UnityEngine.LogType,UnityEngine.Object,string,object[])
UnityEngine.Logger:Log (UnityEngine.LogType,object)
UnityEngine.Debug:LogError (object)
StarterAssets.PackageChecker:CheckPackage () (at Assets/StarterAssets/Editor/PackageChecker/PackageChecker.cs:42)

(Filename: Assets/StarterAssets/Editor/PackageChecker/PackageChecker.cs Line: 42)

Mono: successfully reloaded assembly
- Completed reload, in  0.760 seconds
Platform modules already initialized, skipping
Shader 'Light/RGB': fallback shader 'Lightbeam/Lightbeam' not found
Refreshing native plugins compatible for Editor in 0.38 ms, found 0 plugins.
Preloading 0 native plugins for Editor in 0.00 ms.
Unloading 1577 Unused Serialized files (Serialized files now loaded: 0)
System memory in use before: 102.3 MB.
System memory in use after: 102.4 MB.

Unloading 21 unused Assets to reduce memory usage. Loaded Objects now: 2133.
Total: 2.223600 ms (FindLiveObjects: 0.356900 ms CreateObjectMapping: 0.101200 ms MarkObjects: 1.654500 ms  DeleteObjects: 0.109900 ms)

========================================================================
Received Import Request.
  Time since last request: 299.798357 seconds.
  path: Assets/SCP/SCP_096/scp 096_1/scp-096/source/C.096_AIdle.F.anim
  artifactKey: Guid(a5e264c69e90bde40a624cb1160dd851) Importer(815301076,1909f56bfc062723c751e8b465ee728b)
Start importing Assets/SCP/SCP_096/scp 096_1/scp-096/source/C.096_AIdle.F.anim using Guid(a5e264c69e90bde40a624cb1160dd851) Importer(815301076,1909f56bfc062723c751e8b465ee728b)  -> (artifact id: 'b149929d3eb83f4c779080c5a9ebd170') in 0.031405 seconds
  Import took 0.034332 seconds .

========================================================================
Received Import Request.
  Time since last request: 6.760295 seconds.
  path: Assets/SCP/SCP_096/scp 096_1/scp-096/source/가만히숨쉼.anim
  artifactKey: Guid(a5e264c69e90bde40a624cb1160dd851) Importer(815301076,1909f56bfc062723c751e8b465ee728b)
Start importing Assets/SCP/SCP_096/scp 096_1/scp-096/source/가만히숨쉼.anim using Guid(a5e264c69e90bde40a624cb1160dd851) Importer(815301076,1909f56bfc062723c751e8b465ee728b)  -> (artifact id: '877dfba03ca7d5aade002cad8c44cba2') in 0.016690 seconds
  Import took 0.019202 seconds .

========================================================================
Received Import Request.
  Time since last request: 94.950168 seconds.
  path: Assets/SCP/SCP_096/scp 096_1/scp-096/source/C.096_ARun.F - Forward.anim
  artifactKey: Guid(33127d47800bec142b49929a88b44c60) Importer(815301076,1909f56bfc062723c751e8b465ee728b)
Start importing Assets/SCP/SCP_096/scp 096_1/scp-096/source/C.096_ARun.F - Forward.anim using Guid(33127d47800bec142b49929a88b44c60) Importer(815301076,1909f56bfc062723c751e8b465ee728b)  -> (artifact id: '48d78080197a2f3a0bd909acb5206a2b') in 0.010971 seconds
  Import took 0.013779 seconds .

========================================================================
Received Import Request.
  Time since last request: 0.002714 seconds.
  path: Assets/SCP/SCP_096/scp 096_1/scp-096/source/C.096_ARun.F - Forward.anim
  artifactKey: Guid(33127d47800bec142b49929a88b44c60) Importer(815301076,1909f56bfc062723c751e8b465ee728b)
Start importing Assets/SCP/SCP_096/scp 096_1/scp-096/source/C.096_ARun.F - Forward.anim using Guid(33127d47800bec142b49929a88b44c60) Importer(815301076,1909f56bfc062723c751e8b465ee728b)  -> (artifact id: '48d78080197a2f3a0bd909acb5206a2b') in 0.007636 seconds
  Import took 0.010181 seconds .

========================================================================
Received Import Request.
  Time since last request: 24.889323 seconds.
  path: Assets/SCP/SCP_096/scp 096_1/scp-096/source/SCP-096.fbx
  artifactKey: Guid(1c6d9136fc76eeb4caf3aa185527ecbb) Importer(815301076,1909f56bfc062723c751e8b465ee728b)
Start importing Assets/SCP/SCP_096/scp 096_1/scp-096/source/SCP-096.fbx using Guid(1c6d9136fc76eeb4caf3aa185527ecbb) Importer(815301076,1909f56bfc062723c751e8b465ee728b)  -> (artifact id: 'a9ac7579a13c8507b21871cc657cb671') in 0.129987 seconds
  Import took 0.133587 seconds .

========================================================================
Received Import Request.
  Time since last request: 8.457054 seconds.
  path: Assets/SCP/SCP_096/scp 096_1/scp-096/source/C.096_ARun.F - ForwardRight.anim
  artifactKey: Guid(ab2fd61c6bed8064f86ea63a8b2fa7f8) Importer(815301076,1909f56bfc062723c751e8b465ee728b)
Start importing Assets/SCP/SCP_096/scp 096_1/scp-096/source/C.096_ARun.F - ForwardRight.anim using Guid(ab2fd61c6bed8064f86ea63a8b2fa7f8) Importer(815301076,1909f56bfc062723c751e8b465ee728b)  -> (artifact id: 'bbcda7b6867a6813c9b0147b38d63095') in 0.010672 seconds
  Import took 0.013223 seconds .

========================================================================
Received Import Request.
  Time since last request: 2.770735 seconds.
  path: Assets/SCP/SCP_096/scp 096_1/scp-096/source/달리기.anim
  artifactKey: Guid(ab2fd61c6bed8064f86ea63a8b2fa7f8) Importer(815301076,1909f56bfc062723c751e8b465ee728b)
Start importing Assets/SCP/SCP_096/scp 096_1/scp-096/source/달리기.anim using Guid(ab2fd61c6bed8064f86ea63a8b2fa7f8) Importer(815301076,1909f56bfc062723c751e8b465ee728b)  -> (artifact id: 'f2b9619dc25d6f736c26809526f54b50') in 0.010878 seconds
  Import took 0.013494 seconds .

========================================================================
Received Prepare
Registering precompiled user dll's ...
Registered in 0.005278 seconds.
Begin MonoManager ReloadAssembly
Native extension for WindowsStandalone target not found
Refreshing native plugins compatible for Editor in 0.41 ms, found 0 plugins.
Preloading 0 native plugins for Editor in 0.00 ms.
Invoked RoslynAnalysisRunner static constructor.
RoslynAnalysisRunner will not be running.
RoslynAnalysisRunner has terminated.
[Auto Package] : Couldn't find the packages list. Be sure there is a file called PackageImportList in your project
UnityEngine.StackTraceUtility:ExtractStackTrace ()
UnityEngine.DebugLogHandler:LogFormat (UnityEngine.LogType,UnityEngine.Object,string,object[])
UnityEngine.Logger:Log (UnityEngine.LogType,object)
UnityEngine.Debug:LogError (object)
StarterAssets.PackageChecker:CheckPackage () (at Assets/StarterAssets/Editor/PackageChecker/PackageChecker.cs:42)

(Filename: Assets/StarterAssets/Editor/PackageChecker/PackageChecker.cs Line: 42)

Mono: successfully reloaded assembly
- Completed reload, in  0.752 seconds
Platform modules already initialized, skipping
Shader 'Light/RGB': fallback shader 'Lightbeam/Lightbeam' not found
Refreshing native plugins compatible for Editor in 0.41 ms, found 0 plugins.
Preloading 0 native plugins for Editor in 0.00 ms.
Unloading 1577 Unused Serialized files (Serialized files now loaded: 0)
System memory in use before: 102.8 MB.
System memory in use after: 102.8 MB.

Unloading 21 unused Assets to reduce memory usage. Loaded Objects now: 2137.
Total: 1.426500 ms (FindLiveObjects: 0.163200 ms CreateObjectMapping: 0.064900 ms MarkObjects: 1.147700 ms  DeleteObjects: 0.050000 ms)

========================================================================
Received Prepare
Registering precompiled user dll's ...
Registered in 0.005838 seconds.
Begin MonoManager ReloadAssembly
Native extension for WindowsStandalone target not found
Refreshing native plugins compatible for Editor in 0.42 ms, found 0 plugins.
Preloading 0 native plugins for Editor in 0.00 ms.
Invoked RoslynAnalysisRunner static constructor.
RoslynAnalysisRunner will not be running.
RoslynAnalysisRunner has terminated.
[Auto Package] : Couldn't find the packages list. Be sure there is a file called PackageImportList in your project
UnityEngine.StackTraceUtility:ExtractStackTrace ()
UnityEngine.DebugLogHandler:LogFormat (UnityEngine.LogType,UnityEngine.Object,string,object[])
UnityEngine.Logger:Log (UnityEngine.LogType,object)
UnityEngine.Debug:LogError (object)
StarterAssets.PackageChecker:CheckPackage () (at Assets/StarterAssets/Editor/PackageChecker/PackageChecker.cs:42)

(Filename: Assets/StarterAssets/Editor/PackageChecker/PackageChecker.cs Line: 42)

Mono: successfully reloaded assembly
- Completed reload, in  1.199 seconds
Platform modules already initialized, skipping
Shader 'Light/RGB': fallback shader 'Lightbeam/Lightbeam' not found
Refreshing native plugins compatible for Editor in 0.48 ms, found 0 plugins.
Preloading 0 native plugins for Editor in 0.00 ms.
Unloading 1577 Unused Serialized files (Serialized files now loaded: 0)
System memory in use before: 102.8 MB.
System memory in use after: 102.9 MB.

Unloading 21 unused Assets to reduce memory usage. Loaded Objects now: 2140.
Total: 3.027700 ms (FindLiveObjects: 0.576000 ms CreateObjectMapping: 0.216800 ms MarkObjects: 2.114300 ms  DeleteObjects: 0.118800 ms)

========================================================================
Received Import Request.
  Time since last request: 723.769674 seconds.
  path: Assets/StarterAssets
  artifactKey: Guid(60e8fa967585dfa49b029a01d516743c) Importer(815301076,1909f56bfc062723c751e8b465ee728b)
Start importing Assets/StarterAssets using Guid(60e8fa967585dfa49b029a01d516743c) Importer(815301076,1909f56bfc062723c751e8b465ee728b)  -> (artifact id: 'fd529260b006650196e5c1c129b527ac') in 0.007612 seconds
  Import took 0.010412 seconds .

========================================================================
Received Import Request.
  Time since last request: 5.476625 seconds.
  path: Assets/Standard Assets
  artifactKey: Guid(40950f16c627cec43ad83bbaec49ed48) Importer(815301076,1909f56bfc062723c751e8b465ee728b)
Start importing Assets/Standard Assets using Guid(40950f16c627cec43ad83bbaec49ed48) Importer(815301076,1909f56bfc062723c751e8b465ee728b)  -> (artifact id: 'e42531e1811947f2ad91949f454e8a42') in 0.004958 seconds
  Import took 0.007602 seconds .

========================================================================
Received Import Request.
  Time since last request: 47.639141 seconds.
  path: Assets/01.Scripts
  artifactKey: Guid(cce3ba286650fff4a93ddb2e4bf3ddae) Importer(815301076,1909f56bfc062723c751e8b465ee728b)
Start importing Assets/01.Scripts using Guid(cce3ba286650fff4a93ddb2e4bf3ddae) Importer(815301076,1909f56bfc062723c751e8b465ee728b)  -> (artifact id: '044e742248039cdf5b0ae6463cdaec17') in 0.005319 seconds
  Import took 0.007942 seconds .

========================================================================
Received Prepare
Registering precompiled user dll's ...
Registered in 0.008218 seconds.
Begin MonoManager ReloadAssembly
Native extension for WindowsStandalone target not found
Refreshing native plugins compatible for Editor in 0.40 ms, found 0 plugins.
Preloading 0 native plugins for Editor in 0.00 ms.
Invoked RoslynAnalysisRunner static constructor.
RoslynAnalysisRunner will not be running.
RoslynAnalysisRunner has terminated.
Mono: successfully reloaded assembly
- Completed reload, in  0.761 seconds
Platform modules already initialized, skipping
Shader 'Light/RGB': fallback shader 'Lightbeam/Lightbeam' not found
Refreshing native plugins compatible for Editor in 0.39 ms, found 0 plugins.
Preloading 0 native plugins for Editor in 0.00 ms.
Unloading 1478 Unused Serialized files (Serialized files now loaded: 0)
System memory in use before: 100.7 MB.
System memory in use after: 100.8 MB.

Unloading 116 unused Assets to reduce memory usage. Loaded Objects now: 2048.
Total: 1.494200 ms (FindLiveObjects: 0.174300 ms CreateObjectMapping: 0.047900 ms MarkObjects: 1.193600 ms  DeleteObjects: 0.077000 ms)

========================================================================
Received Import Request.
  Time since last request: 126.944380 seconds.
  path: Assets/Scientist
  artifactKey: Guid(e4ae024a301f34446aef9fd640efaeaf) Importer(815301076,1909f56bfc062723c751e8b465ee728b)
Start importing Assets/Scientist using Guid(e4ae024a301f34446aef9fd640efaeaf) Importer(815301076,1909f56bfc062723c751e8b465ee728b)  -> (artifact id: '694442dd87168fff39c3da195389a88e') in 0.007656 seconds
  Import took 0.010311 seconds .

========================================================================
Received Import Request.
  Time since last request: 1.901188 seconds.
  path: Assets/Scientist/Models
  artifactKey: Guid(bf08142d17c016a478bd01eda7c76dba) Importer(815301076,1909f56bfc062723c751e8b465ee728b)
Start importing Assets/Scientist/Models using Guid(bf08142d17c016a478bd01eda7c76dba) Importer(815301076,1909f56bfc062723c751e8b465ee728b)  -> (artifact id: 'a2373d29c936edf760cdc8c291796acb') in 0.005753 seconds
  Import took 0.008218 seconds .

========================================================================
Received Import Request.
  Time since last request: 0.069579 seconds.
  path: Assets/Scientist/Models/ScientistModel 1.fbx
  artifactKey: Guid(5ef720a845d8c7942a894866dd395739) Importer(815301076,1909f56bfc062723c751e8b465ee728b)
Start importing Assets/Scientist/Models/ScientistModel 1.fbx using Guid(5ef720a845d8c7942a894866dd395739) Importer(815301076,1909f56bfc062723c751e8b465ee728b)  -> (artifact id: 'f3ea1c7e92c8675717a88ee150b1ed21') in 0.126026 seconds
  Import took 0.128879 seconds .

========================================================================
Received Import Request.
  Time since last request: 0.000187 seconds.
  path: Assets/Scientist/Models/ScientistModel.fbx
  artifactKey: Guid(480935d7fb8bb164aab06b13c75b5843) Importer(815301076,1909f56bfc062723c751e8b465ee728b)
Start importing Assets/Scientist/Models/ScientistModel.fbx using Guid(480935d7fb8bb164aab06b13c75b5843) Importer(815301076,1909f56bfc062723c751e8b465ee728b)  -> (artifact id: '3de1ec4d1877397cb74d5962cd015869') in 0.106883 seconds
  Import took 0.109635 seconds .

========================================================================
Received Import Request.
  Time since last request: 0.002052 seconds.
  path: Assets/Scientist/Models/ScientistModel.fbx
  artifactKey: Guid(480935d7fb8bb164aab06b13c75b5843) Importer(815301076,1909f56bfc062723c751e8b465ee728b)
Start importing Assets/Scientist/Models/ScientistModel.fbx using Guid(480935d7fb8bb164aab06b13c75b5843) Importer(815301076,1909f56bfc062723c751e8b465ee728b)  -> (artifact id: '3de1ec4d1877397cb74d5962cd015869') in 0.096881 seconds
  Import took 0.099818 seconds .

========================================================================
Received Import Request.
  Time since last request: 46.205353 seconds.
  path: Assets/Scientist/Materials
  artifactKey: Guid(0e3317e1855306542895eeb1179022ff) Importer(815301076,1909f56bfc062723c751e8b465ee728b)
Start importing Assets/Scientist/Materials using Guid(0e3317e1855306542895eeb1179022ff) Importer(815301076,1909f56bfc062723c751e8b465ee728b)  -> (artifact id: 'ad00593032fd4bad57b459497506aeb5') in 0.005251 seconds
  Import took 0.007708 seconds .

========================================================================
Received Import Request.
  Time since last request: 0.766200 seconds.
  path: Assets/Scientist/Materials/Version_02
  artifactKey: Guid(4d84bbb19b9ba30428cb8c61fc643afc) Importer(815301076,1909f56bfc062723c751e8b465ee728b)
Start importing Assets/Scientist/Materials/Version_02 using Guid(4d84bbb19b9ba30428cb8c61fc643afc) Importer(815301076,1909f56bfc062723c751e8b465ee728b)  -> (artifact id: 'f5c4770c60b02af48eac0e4905647679') in 0.005137 seconds
  Import took 0.007620 seconds .

========================================================================
Received Import Request.
  Time since last request: 0.079304 seconds.
  path: Assets/Scientist/Materials/Version_02/M_Scientist_Overall_Ver02.mat
  artifactKey: Guid(45b2ff9cdfc873645b0400dc159fdb3e) Importer(815301076,1909f56bfc062723c751e8b465ee728b)
Start importing Assets/Scientist/Materials/Version_02/M_Scientist_Overall_Ver02.mat using Guid(45b2ff9cdfc873645b0400dc159fdb3e) Importer(815301076,1909f56bfc062723c751e8b465ee728b)  -> (artifact id: 'c0ec741d1e8e27ea7a9a523c9567e0b9') in 0.107945 seconds
  Import took 0.112545 seconds .

========================================================================
Received Import Request.
  Time since last request: 0.000206 seconds.
  path: Assets/Scientist/Materials/Version_02/M_Scientist_SmallParts_Ver02.mat
  artifactKey: Guid(4e3b477d35a8c934a8c1ac977de7c5be) Importer(815301076,1909f56bfc062723c751e8b465ee728b)
Start importing Assets/Scientist/Materials/Version_02/M_Scientist_SmallParts_Ver02.mat using Guid(4e3b477d35a8c934a8c1ac977de7c5be) Importer(815301076,1909f56bfc062723c751e8b465ee728b)  -> (artifact id: 'de123de490f49da6a3ea024f99a95ce1') in 0.078967 seconds
  Import took 0.081354 seconds .

========================================================================
Received Import Request.
  Time since last request: 59.087561 seconds.
  path: Assets/Scientist/Textures
  artifactKey: Guid(56b5c1473dc5f1d48b90d8dee4c8b29f) Importer(815301076,1909f56bfc062723c751e8b465ee728b)
Start importing Assets/Scientist/Textures using Guid(56b5c1473dc5f1d48b90d8dee4c8b29f) Importer(815301076,1909f56bfc062723c751e8b465ee728b)  -> (artifact id: '6c518fdecdb21cfe7923fcc01fc975ba') in 0.005958 seconds
  Import took 0.008568 seconds .

========================================================================
Received Import Request.
  Time since last request: 0.002843 seconds.
  path: Assets/Scientist/Textures
  artifactKey: Guid(56b5c1473dc5f1d48b90d8dee4c8b29f) Importer(815301076,1909f56bfc062723c751e8b465ee728b)
Start importing Assets/Scientist/Textures using Guid(56b5c1473dc5f1d48b90d8dee4c8b29f) Importer(815301076,1909f56bfc062723c751e8b465ee728b)  -> (artifact id: '6c518fdecdb21cfe7923fcc01fc975ba') in 0.002066 seconds
  Import took 0.004617 seconds .

========================================================================
Received Import Request.
  Time since last request: 1.583382 seconds.
  path: Assets/Scientist/Textures/Version_02
  artifactKey: Guid(190e79770b9dc0d4dbccb333dee78b67) Importer(815301076,1909f56bfc062723c751e8b465ee728b)
Start importing Assets/Scientist/Textures/Version_02 using Guid(190e79770b9dc0d4dbccb333dee78b67) Importer(815301076,1909f56bfc062723c751e8b465ee728b)  -> (artifact id: '45d6ea627a9728b0526016b3f68eeb7f') in 0.002201 seconds
  Import took 0.004658 seconds .

========================================================================
Received Import Request.
  Time since last request: 0.000868 seconds.
  path: Assets/Scientist/Textures/Version_02
  artifactKey: Guid(190e79770b9dc0d4dbccb333dee78b67) Importer(815301076,1909f56bfc062723c751e8b465ee728b)
Start importing Assets/Scientist/Textures/Version_02 using Guid(190e79770b9dc0d4dbccb333dee78b67) Importer(815301076,1909f56bfc062723c751e8b465ee728b)  -> (artifact id: '45d6ea627a9728b0526016b3f68eeb7f') in 0.002052 seconds
  Import took 0.004614 seconds .

========================================================================
Received Import Request.
  Time since last request: 0.114078 seconds.
  path: Assets/Scientist/Textures/Version_02/Scientist_Overall_AlbedoTransparency.png
  artifactKey: Guid(7da7b3956c7f8ec43bc1bff6f018bf06) Importer(815301076,1909f56bfc062723c751e8b465ee728b)
Start importing Assets/Scientist/Textures/Version_02/Scientist_Overall_AlbedoTransparency.png using Guid(7da7b3956c7f8ec43bc1bff6f018bf06) Importer(815301076,1909f56bfc062723c751e8b465ee728b)  -> (artifact id: '954b466e6e5751ea3e26203584f57eaf') in 0.023727 seconds
  Import took 0.026225 seconds .

========================================================================
Received Import Request.
  Time since last request: 0.000203 seconds.
  path: Assets/Scientist/Textures/Version_02/Scientist_SmallParts_AlbedoTransparency.png
  artifactKey: Guid(db1f67d9adec9064bb131ab1986a3ea6) Importer(815301076,1909f56bfc062723c751e8b465ee728b)
Start importing Assets/Scientist/Textures/Version_02/Scientist_SmallParts_AlbedoTransparency.png using Guid(db1f67d9adec9064bb131ab1986a3ea6) Importer(815301076,1909f56bfc062723c751e8b465ee728b)  -> (artifact id: 'b8c19694bcaa9db36a455abc414f4b95') in 0.040659 seconds
  Import took 0.043081 seconds .

========================================================================
Received Import Request.
  Time since last request: 29.797282 seconds.
  path: Assets/Scientist/Models/ScientistModel 1.fbx
  artifactKey: Guid(5ef720a845d8c7942a894866dd395739) Importer(815301076,1909f56bfc062723c751e8b465ee728b)
Start importing Assets/Scientist/Models/ScientistModel 1.fbx using Guid(5ef720a845d8c7942a894866dd395739) Importer(815301076,1909f56bfc062723c751e8b465ee728b)  -> (artifact id: 'a88b380fd712a177d6f39244599f53f9') in 0.079812 seconds
  Import took 0.082841 seconds .

========================================================================
Received Import Request.
  Time since last request: 51.151886 seconds.
  path: Assets/Human mutant 3/Textures/1_Albedo.tga
  artifactKey: Guid(6e0e8bc9027861b468c744529682a1e7) Importer(815301076,1909f56bfc062723c751e8b465ee728b)
Start importing Assets/Human mutant 3/Textures/1_Albedo.tga using Guid(6e0e8bc9027861b468c744529682a1e7) Importer(815301076,1909f56bfc062723c751e8b465ee728b)  -> (artifact id: 'a5ccddd1737b3ebe59b62fd1af95c915') in 0.031698 seconds
  Import took 0.035500 seconds .

========================================================================
Received Import Request.
  Time since last request: 0.000258 seconds.
  path: Assets/00.AssetBundlePath/Sprite/UI/Arrows-04.png
  artifactKey: Guid(0265027feeac3e640beb14abbb50ab08) Importer(815301076,1909f56bfc062723c751e8b465ee728b)
Start importing Assets/00.AssetBundlePath/Sprite/UI/Arrows-04.png using Guid(0265027feeac3e640beb14abbb50ab08) Importer(815301076,1909f56bfc062723c751e8b465ee728b)  -> (artifact id: '980c5282960f7609a0358d28f9e7ee31') in 0.080109 seconds
  Import took 0.082778 seconds .

========================================================================
Received Import Request.
  Time since last request: 0.000202 seconds.
  path: Assets/00.AssetBundlePath/texture/bed_n.tga
  artifactKey: Guid(7a2e8d876dd2fbf4b8d9366dfca6d756) Importer(815301076,1909f56bfc062723c751e8b465ee728b)
Start importing Assets/00.AssetBundlePath/texture/bed_n.tga using Guid(7a2e8d876dd2fbf4b8d9366dfca6d756) Importer(815301076,1909f56bfc062723c751e8b465ee728b)  -> (artifact id: 'ab3aaffe71ccd1a6bd11436c3a7b9fa5') in 0.015150 seconds
  Import took 0.017576 seconds .

========================================================================
Received Import Request.
  Time since last request: 0.000237 seconds.
  path: Assets/Padlock Pack/Padlocks/Padlock_Number/Textures/Modify_Texture/2_Padlock_Num_Normal.png
  artifactKey: Guid(855ed5fb4dc8eb34faffa3b0d1330b61) Importer(815301076,1909f56bfc062723c751e8b465ee728b)
Start importing Assets/Padlock Pack/Padlocks/Padlock_Number/Textures/Modify_Texture/2_Padlock_Num_Normal.png using Guid(855ed5fb4dc8eb34faffa3b0d1330b61) Importer(815301076,1909f56bfc062723c751e8b465ee728b)  -> (artifact id: '63a87b1657bcbccbee01422caefe5172') in 0.009879 seconds
  Import took 0.012370 seconds .

========================================================================
Received Import Request.
  Time since last request: 0.000212 seconds.
  path: Assets/SCP/SCP_Anim/SCP-049/textures/049_matsmat_metallicRoughness.png
  artifactKey: Guid(a3c34a1fc946fe5428981396020475a4) Importer(815301076,1909f56bfc062723c751e8b465ee728b)
Start importing Assets/SCP/SCP_Anim/SCP-049/textures/049_matsmat_metallicRoughness.png using Guid(a3c34a1fc946fe5428981396020475a4) Importer(815301076,1909f56bfc062723c751e8b465ee728b)  -> (artifact id: 'a60259e08c8a6ce2751f0303a21f32da') in 0.009076 seconds
  Import took 0.011427 seconds .

========================================================================
Received Import Request.
  Time since last request: 0.000199 seconds.
  path: Assets/00.AssetBundlePath/texture/bicrks_s.tga
  artifactKey: Guid(fb71a93c075eb5c4f894621fd42121c4) Importer(815301076,1909f56bfc062723c751e8b465ee728b)
Start importing Assets/00.AssetBundlePath/texture/bicrks_s.tga using Guid(fb71a93c075eb5c4f894621fd42121c4) Importer(815301076,1909f56bfc062723c751e8b465ee728b)  -> (artifact id: '70d489372f3fa499b5aef0e8b7f77879') in 0.031565 seconds
  Import took 0.034076 seconds .

========================================================================
Received Import Request.
  Time since last request: 0.000198 seconds.
  path: Assets/00.AssetBundlePath/texture/boiler_d.tga
  artifactKey: Guid(990e85e93ad24fb4d81cb18ddc3eca9a) Importer(815301076,1909f56bfc062723c751e8b465ee728b)
Start importing Assets/00.AssetBundlePath/texture/boiler_d.tga using Guid(990e85e93ad24fb4d81cb18ddc3eca9a) Importer(815301076,1909f56bfc062723c751e8b465ee728b)  -> (artifact id: 'd27cf916b6a075f870c65b521b25ef81') in 0.012592 seconds
  Import took 0.015489 seconds .

========================================================================
Received Import Request.
  Time since last request: 0.000188 seconds.
  path: Assets/Human mutant 3/Textures/1_Metallic.tga
  artifactKey: Guid(5db67ba49a949b747b07e602df2a2729) Importer(815301076,1909f56bfc062723c751e8b465ee728b)
Start importing Assets/Human mutant 3/Textures/1_Metallic.tga using Guid(5db67ba49a949b747b07e602df2a2729) Importer(815301076,1909f56bfc062723c751e8b465ee728b)  -> (artifact id: 'f0cf5e41133de67a8a9b0a9171c5463d') in 0.053488 seconds
  Import took 0.056976 seconds .

========================================================================
Received Import Request.
  Time since last request: 0.000197 seconds.
  path: Assets/Human mutant 3/Textures/1_Emission.tga
  artifactKey: Guid(172359d153d002340a431ab19de341ed) Importer(815301076,1909f56bfc062723c751e8b465ee728b)
Start importing Assets/Human mutant 3/Textures/1_Emission.tga using Guid(172359d153d002340a431ab19de341ed) Importer(815301076,1909f56bfc062723c751e8b465ee728b)  -> (artifact id: '6506ce69393dd23c1e73ccda637bd809') in 0.014729 seconds
  Import took 0.017218 seconds .

========================================================================
Received Import Request.
  Time since last request: 0.000239 seconds.
  path: Assets/00.AssetBundlePath/texture/Bucket_DefaultMaterial_MetallicSmoothness.tga
  artifactKey: Guid(01c9121b4f0d74241a7adcd43619951b) Importer(815301076,1909f56bfc062723c751e8b465ee728b)
Start importing Assets/00.AssetBundlePath/texture/Bucket_DefaultMaterial_MetallicSmoothness.tga using Guid(01c9121b4f0d74241a7adcd43619951b) Importer(815301076,1909f56bfc062723c751e8b465ee728b)  -> (artifact id: '701b429c15075ed16f9639d53d85c9bf') in 0.021869 seconds
  Import took 0.024439 seconds .

========================================================================
Received Import Request.
  Time since last request: 0.000271 seconds.
  path: Assets/SCP/SCP_Anim/SCP-049/textures/049_bodyeemat_baseColor.png
  artifactKey: Guid(8fd5e5d15b5c00644984478545f076e1) Importer(815301076,1909f56bfc062723c751e8b465ee728b)
Start importing Assets/SCP/SCP_Anim/SCP-049/textures/049_bodyeemat_baseColor.png using Guid(8fd5e5d15b5c00644984478545f076e1) Importer(815301076,1909f56bfc062723c751e8b465ee728b)  -> (artifact id: 'e6b30f403380af5bdbfc52ba55ed229a') in 0.009277 seconds
  Import took 0.011608 seconds .

========================================================================
Received Import Request.
  Time since last request: 0.000188 seconds.
  path: Assets/00.AssetBundlePath/texture/binbag_d.tga
  artifactKey: Guid(7f7dc14b0b89894419cf2a0f57431456) Importer(815301076,1909f56bfc062723c751e8b465ee728b)
Start importing Assets/00.AssetBundlePath/texture/binbag_d.tga using Guid(7f7dc14b0b89894419cf2a0f57431456) Importer(815301076,1909f56bfc062723c751e8b465ee728b)  -> (artifact id: '70c3aee3aaa8a090ad3cb7a00ee4a537') in 0.010424 seconds
  Import took 0.013203 seconds .

========================================================================
Received Import Request.
  Time since last request: 0.000231 seconds.
  path: Assets/Human mutant 3/Textures/1_Normal.tga
  artifactKey: Guid(de83a57afbae893489d0445bc87f8d67) Importer(815301076,1909f56bfc062723c751e8b465ee728b)
Start importing Assets/Human mutant 3/Textures/1_Normal.tga using Guid(de83a57afbae893489d0445bc87f8d67) Importer(815301076,1909f56bfc062723c751e8b465ee728b)  -> (artifact id: 'a14cead9543dd6b90f751c7f6e2d7456') in 0.025070 seconds
  Import took 0.028888 seconds .

========================================================================
Received Import Request.
  Time since last request: 0.000209 seconds.
  path: Assets/Human mutant 3/Textures/1_Occlusion.tga
  artifactKey: Guid(a2f7227b9b3b5bd488f76ca390abf80b) Importer(815301076,1909f56bfc062723c751e8b465ee728b)
Start importing Assets/Human mutant 3/Textures/1_Occlusion.tga using Guid(a2f7227b9b3b5bd488f76ca390abf80b) Importer(815301076,1909f56bfc062723c751e8b465ee728b)  -> (artifact id: 'ebc16df3e105d17e305d7d5cac6edac8') in 0.014505 seconds
  Import took 0.017266 seconds .

========================================================================
Received Import Request.
  Time since last request: 0.000250 seconds.
  path: Assets/00.AssetBundlePath/texture/binbag_n.tga
  artifactKey: Guid(6e3f90dab164f464bb54a770133745bb) Importer(815301076,1909f56bfc062723c751e8b465ee728b)
Start importing Assets/00.AssetBundlePath/texture/binbag_n.tga using Guid(6e3f90dab164f464bb54a770133745bb) Importer(815301076,1909f56bfc062723c751e8b465ee728b)  -> (artifact id: 'ac81d2cd75b4e2b6b01df967401a342e') in 0.011350 seconds
  Import took 0.014078 seconds .

========================================================================
Received Import Request.
  Time since last request: 0.000391 seconds.
  path: Assets/00.AssetBundlePath/texture/bicrks.tga
  artifactKey: Guid(f1616fd53df2081428f9dca09ef45830) Importer(815301076,1909f56bfc062723c751e8b465ee728b)
Start importing Assets/00.AssetBundlePath/texture/bicrks.tga using Guid(f1616fd53df2081428f9dca09ef45830) Importer(815301076,1909f56bfc062723c751e8b465ee728b)  -> (artifact id: '3cb687a5b2f19549e969adbc5d0ae658') in 0.008884 seconds
  Import took 0.011752 seconds .

========================================================================
Received Import Request.
  Time since last request: 0.000192 seconds.
  path: Assets/SirenHead/source/siren-head-fazz4/textures/Body_Diffuse.png
  artifactKey: Guid(af3c5f9957f6f734fa8aec6b7ac95302) Importer(815301076,1909f56bfc062723c751e8b465ee728b)
Start importing Assets/SirenHead/source/siren-head-fazz4/textures/Body_Diffuse.png using Guid(af3c5f9957f6f734fa8aec6b7ac95302) Importer(815301076,1909f56bfc062723c751e8b465ee728b)  -> (artifact id: 'ec052c85962f38834481227f0b86228f') in 0.009905 seconds
  Import took 0.012265 seconds .

========================================================================
Received Import Request.
  Time since last request: 0.000173 seconds.
  path: Assets/00.AssetBundlePath/texture/bicrks_n.tga
  artifactKey: Guid(a7462e6703f5f914f81cbcf23ed06fb6) Importer(815301076,1909f56bfc062723c751e8b465ee728b)
Start importing Assets/00.AssetBundlePath/texture/bicrks_n.tga using Guid(a7462e6703f5f914f81cbcf23ed06fb6) Importer(815301076,1909f56bfc062723c751e8b465ee728b)  -> (artifact id: 'af3b6c3462fd1427af5dd4a1e4ba6dd1') in 0.010196 seconds
  Import took 0.012522 seconds .

========================================================================
Received Import Request.
  Time since last request: 0.000181 seconds.
  path: Assets/SCP/SCP_Anim/SCP-049/textures/049_matsmat_baseColor.png
  artifactKey: Guid(a9981600f9f9c3d4aa0a0b921d4eb667) Importer(815301076,1909f56bfc062723c751e8b465ee728b)
Start importing Assets/SCP/SCP_Anim/SCP-049/textures/049_matsmat_baseColor.png using Guid(a9981600f9f9c3d4aa0a0b921d4eb667) Importer(815301076,1909f56bfc062723c751e8b465ee728b)  -> (artifact id: '0b338995c6d465ee8068b8559cdf1545') in 0.009022 seconds
  Import took 0.011829 seconds .

========================================================================
Received Import Request.
  Time since last request: 0.000209 seconds.
  path: Assets/00.AssetBundlePath/Sprite/InteractiveObj/blood_remember_01.png
  artifactKey: Guid(0d510ecf9baab8947953dc4df48f71d8) Importer(815301076,1909f56bfc062723c751e8b465ee728b)
Start importing Assets/00.AssetBundlePath/Sprite/InteractiveObj/blood_remember_01.png using Guid(0d510ecf9baab8947953dc4df48f71d8) Importer(815301076,1909f56bfc062723c751e8b465ee728b)  -> (artifact id: '37fa88fcc8f2f1130a317b89140a1596') in 0.015197 seconds
  Import took 0.017890 seconds .

========================================================================
Received Import Request.
  Time since last request: 0.000260 seconds.
  path: Assets/00.AssetBundlePath/texture/boiler_n.tga
  artifactKey: Guid(8f5aa7f8c6ca4bd49b71e55ad79dcc2f) Importer(815301076,1909f56bfc062723c751e8b465ee728b)
Start importing Assets/00.AssetBundlePath/texture/boiler_n.tga using Guid(8f5aa7f8c6ca4bd49b71e55ad79dcc2f) Importer(815301076,1909f56bfc062723c751e8b465ee728b)  -> (artifact id: 'd22c0255262d197206c5c9bd1d6273d9') in 0.011518 seconds
  Import took 0.014079 seconds .

========================================================================
Received Import Request.
  Time since last request: 0.000211 seconds.
  path: Assets/00.AssetBundlePath/texture/cardboard_d.tga
  artifactKey: Guid(93e4d254178ff7c41b9279f2ad7c2c2c) Importer(815301076,1909f56bfc062723c751e8b465ee728b)
Start importing Assets/00.AssetBundlePath/texture/cardboard_d.tga using Guid(93e4d254178ff7c41b9279f2ad7c2c2c) Importer(815301076,1909f56bfc062723c751e8b465ee728b)  -> (artifact id: '28e98c42facb4208eb4ba7fc284c1390') in 0.008674 seconds
  Import took 0.011246 seconds .

========================================================================
Received Import Request.
  Time since last request: 0.000198 seconds.
  path: Assets/SCP/SCP_Anim/SCP-049/textures/049_bodyeemat_metallicRoughness.png
  artifactKey: Guid(70222ba2e152b3143805ef63d84f73d7) Importer(815301076,1909f56bfc062723c751e8b465ee728b)
Start importing Assets/SCP/SCP_Anim/SCP-049/textures/049_bodyeemat_metallicRoughness.png using Guid(70222ba2e152b3143805ef63d84f73d7) Importer(815301076,1909f56bfc062723c751e8b465ee728b)  -> (artifact id: '2280bdf86fcea4f11156426bdc2f92fd') in 0.008792 seconds
  Import took 0.011350 seconds .

========================================================================
Received Import Request.
  Time since last request: 0.000184 seconds.
  path: Assets/00.AssetBundlePath/texture/Bucket_DefaultMaterial_AlbedoTransparency.tga
  artifactKey: Guid(738d36fe2eeae9446a419b0b8c05e563) Importer(815301076,1909f56bfc062723c751e8b465ee728b)
Start importing Assets/00.AssetBundlePath/texture/Bucket_DefaultMaterial_AlbedoTransparency.tga using Guid(738d36fe2eeae9446a419b0b8c05e563) Importer(815301076,1909f56bfc062723c751e8b465ee728b)  -> (artifact id: '7e266b9cc49584b27ebf740d627f1378') in 0.010754 seconds
  Import took 0.013210 seconds .

========================================================================
Received Import Request.
  Time since last request: 0.000224 seconds.
  path: Assets/00.AssetBundlePath/texture/box_01_d_0.tga
  artifactKey: Guid(5fc5593e101f5ca4b97620e1d72d4131) Importer(815301076,1909f56bfc062723c751e8b465ee728b)
Start importing Assets/00.AssetBundlePath/texture/box_01_d_0.tga using Guid(5fc5593e101f5ca4b97620e1d72d4131) Importer(815301076,1909f56bfc062723c751e8b465ee728b)  -> (artifact id: '734223ccc2ae1f1c4e64d41b46e3c038') in 0.009240 seconds
  Import took 0.011784 seconds .

========================================================================
Received Import Request.
  Time since last request: 0.000185 seconds.
  path: Assets/00.AssetBundlePath/Sprite/Item/Battery.png
  artifactKey: Guid(1e264850a28b07c4b99246806491af2d) Importer(815301076,1909f56bfc062723c751e8b465ee728b)
Start importing Assets/00.AssetBundlePath/Sprite/Item/Battery.png using Guid(1e264850a28b07c4b99246806491af2d) Importer(815301076,1909f56bfc062723c751e8b465ee728b)  -> (artifact id: '906a24a611f655561a7cd42bac9214d9') in 0.011210 seconds
  Import took 0.013810 seconds .

========================================================================
Received Import Request.
  Time since last request: 0.000239 seconds.
  path: Assets/SCP/SCP_096/scp 096_1/scp-096/textures/096-V_Dif_001.png
  artifactKey: Guid(82f0803b0e08b9042b6855ff43fd7e66) Importer(815301076,1909f56bfc062723c751e8b465ee728b)
Start importing Assets/SCP/SCP_096/scp 096_1/scp-096/textures/096-V_Dif_001.png using Guid(82f0803b0e08b9042b6855ff43fd7e66) Importer(815301076,1909f56bfc062723c751e8b465ee728b)  -> (artifact id: 'd522224c74bcc6daa52ce1355c5c77f4') in 0.010902 seconds
  Import took 0.013444 seconds .

========================================================================
Received Import Request.
  Time since last request: 0.000282 seconds.
  path: Assets/00.AssetBundlePath/texture/binbag_s.tga
  artifactKey: Guid(48416a52783881a4eab5033cef04b331) Importer(815301076,1909f56bfc062723c751e8b465ee728b)
Start importing Assets/00.AssetBundlePath/texture/binbag_s.tga using Guid(48416a52783881a4eab5033cef04b331) Importer(815301076,1909f56bfc062723c751e8b465ee728b)  -> (artifact id: 'e2487354d4d14d4ddd28d9c21da68e81') in 0.012363 seconds
  Import took 0.014904 seconds .

========================================================================
Received Import Request.
  Time since last request: 0.000194 seconds.
  path: Assets/00.AssetBundlePath/texture/box_02_d.tga
  artifactKey: Guid(8734e5d1e39127741b32c82bd5e15e60) Importer(815301076,1909f56bfc062723c751e8b465ee728b)
Start importing Assets/00.AssetBundlePath/texture/box_02_d.tga using Guid(8734e5d1e39127741b32c82bd5e15e60) Importer(815301076,1909f56bfc062723c751e8b465ee728b)  -> (artifact id: 'ae92a6061ff2d07b26f334696f1bacea') in 0.010660 seconds
  Import took 0.013050 seconds .

========================================================================
Received Import Request.
  Time since last request: 0.000190 seconds.
  path: Assets/Padlock Pack/Padlocks/Padlock_Number/Textures/Modify_Texture/3_Padlock_Num_AlbedoTransparency.png
  artifactKey: Guid(1c6f5d738fb618640b2a12d05ceae5fe) Importer(815301076,1909f56bfc062723c751e8b465ee728b)
Start importing Assets/Padlock Pack/Padlocks/Padlock_Number/Textures/Modify_Texture/3_Padlock_Num_AlbedoTransparency.png using Guid(1c6f5d738fb618640b2a12d05ceae5fe) Importer(815301076,1909f56bfc062723c751e8b465ee728b)  -> (artifact id: 'b28ce37b7ec3bfda3fc108f5fc54021e') in 0.008046 seconds
  Import took 0.010350 seconds .

========================================================================
Received Import Request.
  Time since last request: 0.000183 seconds.
  path: Assets/Human mutant 3/Textures/1_Albedo.tga
  artifactKey: Guid(6e0e8bc9027861b468c744529682a1e7) Importer(815301076,1909f56bfc062723c751e8b465ee728b)
Start importing Assets/Human mutant 3/Textures/1_Albedo.tga using Guid(6e0e8bc9027861b468c744529682a1e7) Importer(815301076,1909f56bfc062723c751e8b465ee728b)  -> (artifact id: 'a5ccddd1737b3ebe59b62fd1af95c915') in 0.024915 seconds
  Import took 0.028877 seconds .

========================================================================
Received Import Request.
  Time since last request: 0.000236 seconds.
  path: Assets/00.AssetBundlePath/Sprite/UI/Arrows-03.png
  artifactKey: Guid(012b419ccc3d69f44bc26ca75d82d4b9) Importer(815301076,1909f56bfc062723c751e8b465ee728b)
Start importing Assets/00.AssetBundlePath/Sprite/UI/Arrows-03.png using Guid(012b419ccc3d69f44bc26ca75d82d4b9) Importer(815301076,1909f56bfc062723c751e8b465ee728b)  -> (artifact id: '5a6574a1bc7d3d370b3022598480223d') in 0.011083 seconds
  Import took 0.013653 seconds .

========================================================================
Received Import Request.
  Time since last request: 0.000194 seconds.
  path: Assets/00.AssetBundlePath/texture/bed_d.tga
  artifactKey: Guid(0e87b6a01a34f8c4283f16dc4bd10355) Importer(815301076,1909f56bfc062723c751e8b465ee728b)
Start importing Assets/00.AssetBundlePath/texture/bed_d.tga using Guid(0e87b6a01a34f8c4283f16dc4bd10355) Importer(815301076,1909f56bfc062723c751e8b465ee728b)  -> (artifact id: 'a050b0cc2aee173805eda28f66f3f5b2') in 0.016890 seconds
  Import took 0.019436 seconds .

========================================================================
Received Import Request.
  Time since last request: 0.000189 seconds.
  path: Assets/00.AssetBundlePath/texture/BloodSplatter2.png
  artifactKey: Guid(9f56f423ab26a6646b689b59828b6bd7) Importer(815301076,1909f56bfc062723c751e8b465ee728b)
Start importing Assets/00.AssetBundlePath/texture/BloodSplatter2.png using Guid(9f56f423ab26a6646b689b59828b6bd7) Importer(815301076,1909f56bfc062723c751e8b465ee728b)  -> (artifact id: '7402b26c84ecfcbabcbb22c4723c2090') in 0.015473 seconds
  Import took 0.017980 seconds .

========================================================================
Received Import Request.
  Time since last request: 0.000187 seconds.
  path: Assets/00.AssetBundlePath/texture/bed_s.tga
  artifactKey: Guid(b4fb20b3c0152724a89e4a99c60a9845) Importer(815301076,1909f56bfc062723c751e8b465ee728b)
Start importing Assets/00.AssetBundlePath/texture/bed_s.tga using Guid(b4fb20b3c0152724a89e4a99c60a9845) Importer(815301076,1909f56bfc062723c751e8b465ee728b)  -> (artifact id: '43a64f44527b6aa5cee0e94536354eab') in 0.010351 seconds
  Import took 0.012741 seconds .

========================================================================
Received Import Request.
  Time since last request: 0.000259 seconds.
  path: Assets/00.AssetBundlePath/Sprite/Icon/bag1.png
  artifactKey: Guid(a8810583a6baa464f971afe22d538e58) Importer(815301076,1909f56bfc062723c751e8b465ee728b)
Start importing Assets/00.AssetBundlePath/Sprite/Icon/bag1.png using Guid(a8810583a6baa464f971afe22d538e58) Importer(815301076,1909f56bfc062723c751e8b465ee728b)  -> (artifact id: 'ee6bdc7e66d0fbdedc522700c222c2ae') in 0.012673 seconds
  Import took 0.015196 seconds .

========================================================================
Received Import Request.
  Time since last request: 0.000214 seconds.
  path: Assets/00.AssetBundlePath/texture/Bucket_DefaultMaterial_Normal.tga
  artifactKey: Guid(f83a0e38f47326e4687d75beda6af969) Importer(815301076,1909f56bfc062723c751e8b465ee728b)
Start importing Assets/00.AssetBundlePath/texture/Bucket_DefaultMaterial_Normal.tga using Guid(f83a0e38f47326e4687d75beda6af969) Importer(815301076,1909f56bfc062723c751e8b465ee728b)  -> (artifact id: '243652e32aeb93f85ddcd3d93914fc1c') in 0.011998 seconds
  Import took 0.014427 seconds .

========================================================================
Received Import Request.
  Time since last request: 0.000190 seconds.
  path: Assets/Injector/Textures/AO.png
  artifactKey: Guid(319a6f9eefd787e48987df805ec3d7a7) Importer(815301076,1909f56bfc062723c751e8b465ee728b)
Start importing Assets/Injector/Textures/AO.png using Guid(319a6f9eefd787e48987df805ec3d7a7) Importer(815301076,1909f56bfc062723c751e8b465ee728b)  -> (artifact id: 'da1fa045573151321010702ff62f4c61') in 0.008364 seconds
  Import took 0.010972 seconds .

========================================================================
Received Import Request.
  Time since last request: 0.000177 seconds.
  path: Assets/Prefabs/SCP_096/SCP-096/Texture/096-V_Dif_001.png
  artifactKey: Guid(b4fa7f72000025a478f611d75d8e14ca) Importer(815301076,1909f56bfc062723c751e8b465ee728b)
Start importing Assets/Prefabs/SCP_096/SCP-096/Texture/096-V_Dif_001.png using Guid(b4fa7f72000025a478f611d75d8e14ca) Importer(815301076,1909f56bfc062723c751e8b465ee728b)  -> (artifact id: '6212bae719b47aeca3e192b56ce75f49') in 0.009673 seconds
  Import took 0.012108 seconds .

========================================================================
Received Import Request.
  Time since last request: 0.000186 seconds.
  path: Assets/00.AssetBundlePath/Sprite/UI/Arrows-23.png
  artifactKey: Guid(37ab4a3aab219bf4f8b1a787f427365a) Importer(815301076,1909f56bfc062723c751e8b465ee728b)
Start importing Assets/00.AssetBundlePath/Sprite/UI/Arrows-23.png using Guid(37ab4a3aab219bf4f8b1a787f427365a) Importer(815301076,1909f56bfc062723c751e8b465ee728b)  -> (artifact id: '12f0453b7c339e889f82f2be18df6af0') in 0.010882 seconds
  Import took 0.013486 seconds .

========================================================================
Received Import Request.
  Time since last request: 0.000215 seconds.
  path: Assets/Injector/Textures/AlbedoTransparency.png
  artifactKey: Guid(356e6863e3487fb4d92f4b7e74bfd746) Importer(815301076,1909f56bfc062723c751e8b465ee728b)
Start importing Assets/Injector/Textures/AlbedoTransparency.png using Guid(356e6863e3487fb4d92f4b7e74bfd746) Importer(815301076,1909f56bfc062723c751e8b465ee728b)  -> (artifact id: 'f0314ab3c75fca5f54b5beddbe34f739') in 0.009588 seconds
  Import took 0.012165 seconds .

========================================================================
Received Import Request.
  Time since last request: 0.000195 seconds.
  path: Assets/00.AssetBundlePath/texture/box_01_d.tga
  artifactKey: Guid(d5fdeb4d28b6e3f4dbdabb6c446fb841) Importer(815301076,1909f56bfc062723c751e8b465ee728b)
Start importing Assets/00.AssetBundlePath/texture/box_01_d.tga using Guid(d5fdeb4d28b6e3f4dbdabb6c446fb841) Importer(815301076,1909f56bfc062723c751e8b465ee728b)  -> (artifact id: '92d1a142349c7fbb68616807e5b101be') in 0.009945 seconds
  Import took 0.012723 seconds .

========================================================================
Received Import Request.
  Time since last request: 0.000326 seconds.
  path: Assets/SirenHead/source/siren-head-fazz4/textures/Body_Bump.png
  artifactKey: Guid(137b32bcbe5722248b59cdb4d141fe75) Importer(815301076,1909f56bfc062723c751e8b465ee728b)
Start importing Assets/SirenHead/source/siren-head-fazz4/textures/Body_Bump.png using Guid(137b32bcbe5722248b59cdb4d141fe75) Importer(815301076,1909f56bfc062723c751e8b465ee728b)  -> (artifact id: '4d30e4ae7e72d2afc1653e5cfd309bfb') in 0.012387 seconds
  Import took 0.015301 seconds .

========================================================================
Received Import Request.
  Time since last request: 23.286383 seconds.
  path: Assets/Scientist/Prefabs
  artifactKey: Guid(ee57d9c0dde53784e8181c84f9303686) Importer(815301076,1909f56bfc062723c751e8b465ee728b)
Start importing Assets/Scientist/Prefabs using Guid(ee57d9c0dde53784e8181c84f9303686) Importer(815301076,1909f56bfc062723c751e8b465ee728b)  -> (artifact id: 'f642f44e3c0f2940a64cb016563afeb3') in 0.005183 seconds
  Import took 0.007954 seconds .

========================================================================
Received Import Request.
  Time since last request: 0.000660 seconds.
  path: Assets/Scientist/Prefabs
  artifactKey: Guid(ee57d9c0dde53784e8181c84f9303686) Importer(815301076,1909f56bfc062723c751e8b465ee728b)
Start importing Assets/Scientist/Prefabs using Guid(ee57d9c0dde53784e8181c84f9303686) Importer(815301076,1909f56bfc062723c751e8b465ee728b)  -> (artifact id: 'f642f44e3c0f2940a64cb016563afeb3') in 0.002083 seconds
  Import took 0.004660 seconds .

========================================================================
Received Import Request.
  Time since last request: 0.145937 seconds.
  path: Assets/Scientist/Prefabs/Scientist.prefab
  artifactKey: Guid(0006d3d9bdd49b74fb1042c7a7210716) Importer(815301076,1909f56bfc062723c751e8b465ee728b)
Start importing Assets/Scientist/Prefabs/Scientist.prefab using Guid(0006d3d9bdd49b74fb1042c7a7210716) Importer(815301076,1909f56bfc062723c751e8b465ee728b)  -> (artifact id: '4ffcec72f76c27cb342de0a125d29d14') in 0.109626 seconds
  Import took 0.113180 seconds .

========================================================================
Received Import Request.
  Time since last request: 72.579063 seconds.
  path: Assets/00.AssetBundlePath
  artifactKey: Guid(ee046b12d2d085b479d58b9917d41686) Importer(815301076,1909f56bfc062723c751e8b465ee728b)
Start importing Assets/00.AssetBundlePath using Guid(ee046b12d2d085b479d58b9917d41686) Importer(815301076,1909f56bfc062723c751e8b465ee728b)  -> (artifact id: '4ffb3c5d36077eb03566601d31d5cbca') in 0.005166 seconds
  Import took 0.007739 seconds .

========================================================================
Received Import Request.
  Time since last request: 24.439533 seconds.
  path: Assets/Scientist/Models/ScientistModel.fbx
  artifactKey: Guid(480935d7fb8bb164aab06b13c75b5843) Importer(815301076,1909f56bfc062723c751e8b465ee728b)
Start importing Assets/Scientist/Models/ScientistModel.fbx using Guid(480935d7fb8bb164aab06b13c75b5843) Importer(815301076,1909f56bfc062723c751e8b465ee728b)  -> (artifact id: '2843158dc938dc3206ca9610d677556a') in 0.070377 seconds
  Import took 0.073429 seconds .

========================================================================
Received Import Request.
  Time since last request: 10.476653 seconds.
  path: Assets/Scientist/Models/ScientistModel.fbx
  artifactKey: Guid(480935d7fb8bb164aab06b13c75b5843) Importer(815301076,1909f56bfc062723c751e8b465ee728b)
Start importing Assets/Scientist/Models/ScientistModel.fbx using Guid(480935d7fb8bb164aab06b13c75b5843) Importer(815301076,1909f56bfc062723c751e8b465ee728b)  -> (artifact id: '9f9aea1f60d22de258d1ab702092d4a2') in 0.069216 seconds
  Import took 0.072582 seconds .

========================================================================
Received Import Request.
  Time since last request: 146.258395 seconds.
  path: Assets/Scientist/Materials/Version_02/EscapeRoom_Movie.playable
  artifactKey: Guid(363117ed399823b4b80a919f2e3bb4d1) Importer(815301076,1909f56bfc062723c751e8b465ee728b)
Start importing Assets/Scientist/Materials/Version_02/EscapeRoom_Movie.playable using Guid(363117ed399823b4b80a919f2e3bb4d1) Importer(815301076,1909f56bfc062723c751e8b465ee728b)  -> (artifact id: 'd14a5d646b930f40fc58652feec06dc0') in 0.009501 seconds
  Import took 0.012434 seconds .

AssetImportWorkerClient::OnTransportError - code=2 error=End of file
